
                            < M A T L A B (R) >
                  Copyright 1984-2018 The MathWorks, Inc.
                   R2018a (9.4.0.813654) 64-bit (glnxa64)
                             February 23, 2018

 
To get started, type one of these: helpwin, helpdesk, or demo.
For product information, visit www.mathworks.com.
 
delta t
    0.0010

time: neqn: step_count:
    0.0101

   400

    10

change in density
   4.8572e-17

residual
  241.4852

time: neqn: step_count:
    0.0203

   400

    20

change in density
   2.8189e-17

residual
  167.5537

time: neqn: step_count:
    0.0304

   400

    30

change in density
   1.8215e-17

residual
  136.7488

time: neqn: step_count:
    0.0405

   400

    40

change in density
   3.9031e-18

residual
  115.0025

time: neqn: step_count:
    0.0507

   400

    50

change in density
   4.8572e-17

residual
   99.4258

time: neqn: step_count:
    0.0608

   400

    60

change in density
  -2.1901e-17

residual
   88.2081

time: neqn: step_count:
    0.0709

   400

    70

change in density
  -1.3010e-18

residual
   81.1999

time: neqn: step_count:
    0.0811

   400

    80

change in density
   6.1583e-17

residual
   77.6826

time: neqn: step_count:
    0.0912

   400

    90

change in density
  -2.2335e-17

residual
   74.6670

time: neqn: step_count:
    0.1013

   400

   100

change in density
   9.9747e-18

residual
   70.4574

time: neqn: step_count:
    0.1115

   400

   110

change in density
   2.1684e-17

residual
   65.6558

time: neqn: step_count:
    0.1216

   400

   120

change in density
  -5.5511e-17

residual
   61.1086

time: neqn: step_count:
    0.1317

   400

   130

change in density
   5.4210e-18

residual
   56.9831

time: neqn: step_count:
    0.1419

   400

   140

change in density
   4.9006e-17

residual
   53.1872

time: neqn: step_count:
    0.1520

   400

   150

change in density
  -6.9389e-18

residual
   49.8187

time: neqn: step_count:
    0.1621

   400

   160

change in density
  -6.7221e-18

residual
   47.1447

time: neqn: step_count:
    0.1722

   400

   170

change in density
  -5.9306e-17

residual
   45.0366

time: neqn: step_count:
    0.1824

   400

   180

change in density
   2.4828e-17

residual
   42.8446

time: neqn: step_count:
    0.1925

   400

   190

change in density
   2.4069e-17

residual
   40.5733

time: neqn: step_count:
    0.2026

   400

   200

change in density
   1.0408e-17

residual
   38.4443

time: neqn: step_count:
    0.2128

   400

   210

change in density
   1.0842e-18

residual
   36.5319

time: neqn: step_count:
    0.2229

   400

   220

change in density
   2.6455e-17

residual
   34.8337

time: neqn: step_count:
    0.2330

   400

   230

change in density
   5.3017e-17

residual
   33.3332

time: neqn: step_count:
    0.2432

   400

   240

change in density
   3.3610e-18

residual
   31.9966

time: neqn: step_count:
    0.2533

   400

   250

change in density
   1.5504e-17

residual
   30.8454

time: neqn: step_count:
    0.2634

   400

   260

change in density
  -1.1818e-17

residual
   29.8114

time: neqn: step_count:
    0.2736

   400

   270

change in density
  -7.4810e-18

residual
   28.8096

time: neqn: step_count:
    0.2837

   400

   280

change in density
  -5.7463e-18

residual
   27.8630

time: neqn: step_count:
    0.2938

   400

   290

change in density
  -3.8489e-17

residual
   26.9951

time: neqn: step_count:
    0.3040

   400

   300

change in density
  -8.9989e-18

residual
   45.1198

time: neqn: step_count:
    0.3141

   400

   310

change in density
  -2.0166e-17

residual
  134.3687

time: neqn: step_count:
    0.3242

   400

   320

change in density
  -2.9816e-17

residual
  444.4086

time: neqn: step_count:
    0.3344

   400

   330

change in density
  -2.2768e-18

residual
   1.3745e+03

time: neqn: step_count:
    0.3445

   400

   340

change in density
   2.3636e-17

residual
   4.2671e+03

time: neqn: step_count:
    0.3546

   400

   350

change in density
  -1.9082e-17

residual
   1.1914e+04

time: neqn: step_count:
    0.3648

   400

   360

change in density
  -1.2035e-17

residual
   3.3246e+04

time: neqn: step_count:
    0.3749

   400

   370

change in density
  -2.2118e-17

residual
   8.6286e+04

time: neqn: step_count:
    0.3850

   400

   380

change in density
  -4.4452e-18

residual
   2.2527e+05

time: neqn: step_count:
    0.3952

   400

   390

change in density
  -5.6921e-17

residual
   5.6434e+05

time: neqn: step_count:
    0.4053

   400

   400

change in density
  -4.6187e-17

residual
   1.4225e+06

time: neqn: step_count:
    0.4154

   400

   410

change in density
  -2.2768e-18

residual
   3.4908e+06

time: neqn: step_count:
    0.4256

   400

   420

change in density
   3.3285e-17

residual
   8.6971e+06

time: neqn: step_count:
    0.4357

   400

   430

change in density
   1.5949e-16

residual
   2.1306e+07

time: neqn: step_count:
    0.4458

   400

   440

change in density
  -3.7047e-16

residual
   5.4124e+07

time: neqn: step_count:
    0.4559

   400

   450

change in density
  -4.8345e-16

residual
   1.3540e+08

time: neqn: step_count:
    0.4661

   400

   460

change in density
  -4.8247e-16

residual
   3.5798e+08

time: neqn: step_count:
    0.4762

   400

   470

change in density
  -4.8101e-15

residual
   9.1909e+08

time: neqn: step_count:
    0.4863

   400

   480

change in density
  -5.3148e-15

residual
   2.5176e+09

time: neqn: step_count:
    0.4965

   400

   490

change in density
  -1.6693e-14

residual
   6.5657e+09

time: neqn: step_count:
    0.5066

   400

   500

change in density
   1.7404e-13

residual
   1.8317e+10

time: neqn: step_count:
    0.5167

   400

   510

change in density
   7.9379e-14

residual
   4.7880e+10

time: neqn: step_count:
    0.5269

   400

   520

change in density
   1.0712e-12

residual
   1.3387e+11

time: neqn: step_count:
    0.5370

   400

   530

change in density
  -1.8123e-12

residual
   3.4734e+11

time: neqn: step_count:
    0.5471

   400

   540

change in density
   2.3768e-12

residual
   9.6389e+11

time: neqn: step_count:
    0.5573

   400

   550

change in density
   4.4846e-12

residual
   2.4731e+12

time: neqn: step_count:
    0.5674

   400

   560

change in density
   1.5856e-11

residual
   6.7934e+12

time: neqn: step_count:
    0.5775

   400

   570

change in density
  -2.8281e-11

residual
   1.7268e+13

time: neqn: step_count:
    0.5877

   400

   580

change in density
  -4.5881e-11

residual
   4.7052e+13

time: neqn: step_count:
    0.5978

   400

   590

change in density
   3.1159e-10

residual
   1.1912e+14

time: neqn: step_count:
    0.6079

   400

   600

change in density
   3.7574e-10

residual
   3.2322e+14

time: neqn: step_count:
    0.6181

   400

   610

change in density
   4.3655e-09

residual
   8.2022e+14

time: neqn: step_count:
    0.6282

   400

   620

change in density
   5.5909e-09

residual
   2.2223e+15

time: neqn: step_count:
    0.6383

   400

   630

change in density
  -3.5756e-08

residual
   5.6829e+15

time: neqn: step_count:
    0.6485

   400

   640

change in density
  -1.1773e-07

residual
   1.5383e+16

time: neqn: step_count:
    0.6586

   400

   650

change in density
  -3.8211e-08

residual
   3.9758e+16

time: neqn: step_count:
    0.6687

   400

   660

change in density
  -3.3077e-07

residual
   1.0735e+17

time: neqn: step_count:
    0.6789

   400

   670

change in density
   1.3824e-06

residual
   2.8058e+17

time: neqn: step_count:
    0.6890

   400

   680

change in density
   1.5230e-06

residual
   7.5387e+17

time: neqn: step_count:
    0.6991

   400

   690

change in density
   5.9948e-06

residual
   1.9899e+18

time: neqn: step_count:
    0.7093

   400

   700

change in density
   2.2675e-05

residual
   5.3092e+18

time: neqn: step_count:
    0.7194

   400

   710

change in density
  -4.5429e-05

residual
   1.4125e+19

time: neqn: step_count:
    0.7295

   400

   720

change in density
   5.3355e-05

residual
   3.7387e+19

time: neqn: step_count:
    0.7397

   400

   730

change in density
  -5.2265e-04

residual
   1.0008e+20

time: neqn: step_count:
    0.7498

   400

   740

change in density
   -0.0015

residual
   2.6288e+20

time: neqn: step_count:
    0.7599

   400

   750

change in density
   2.0686e-04

residual
   7.0704e+20

time: neqn: step_count:
    0.7700

   400

   760

change in density
   -0.0040

residual
   1.8461e+21

time: neqn: step_count:
    0.7802

   400

   770

change in density
   -0.0034

residual
   4.9832e+21

time: neqn: step_count:
    0.7903

   400

   780

change in density
    0.0368

residual
   1.2965e+22

time: neqn: step_count:
    0.8004

   400

   790

change in density
   -0.0362

residual
   3.5075e+22

time: neqn: step_count:
    0.8106

   400

   800

change in density
   -0.1698

residual
   9.1188e+22

time: neqn: step_count:
    0.8207

   400

   810

change in density
   -0.8898

residual
   2.4684e+23

time: neqn: step_count:
    0.8308

   400

   820

change in density
    2.7128

residual
   6.4299e+23

time: neqn: step_count:
    0.8410

   400

   830

change in density
   -0.5510

residual
   1.7381e+24

time: neqn: step_count:
    0.8511

   400

   840

change in density
  -26.8430

residual
   4.5463e+24

time: neqn: step_count:
    0.8612

   400

   850

change in density
   54.2324

residual
   1.2248e+25

time: neqn: step_count:
    0.8714

   400

   860

change in density
  -31.4961

residual
   3.2218e+25

time: neqn: step_count:
    0.8815

   400

   870

change in density
  138.8437

residual
   8.6379e+25

time: neqn: step_count:
    0.8916

   400

   880

change in density
   1.5535e+03

residual
   2.2862e+26

time: neqn: step_count:
    0.9018

   400

   890

change in density
   1.4203e+03

residual
   6.0959e+26

time: neqn: step_count:
    0.9119

   400

   900

change in density
   4.6707e+03

residual
   1.6231e+27

time: neqn: step_count:
    0.9220

   400

   910

change in density
   60.0000

residual
   4.3049e+27

time: neqn: step_count:
    0.9322

   400

   920

change in density
   1.2734e+04

residual
   1.1520e+28

time: neqn: step_count:
    0.9423

   400

   930

change in density
      -51560

residual
   3.0428e+28

time: neqn: step_count:
    0.9524

   400

   940

change in density
     -352456

residual
   8.1721e+28

time: neqn: step_count:
    0.9626

   400

   950

change in density
     -511040

residual
   2.1531e+29

time: neqn: step_count:
    0.9727

   400

   960

change in density
     2196848

residual
   5.7931e+29

time: neqn: step_count:
    0.9828

   400

   970

change in density
    -4527360

residual
   1.5257e+30

time: neqn: step_count:
    0.9930

   400

   980

change in density
   -13462656

residual
   4.1045e+30

time: neqn: step_count:
    1.0031

   400

   990

change in density
   -81670144

residual
   1.0825e+31

time: neqn: step_count:
    1.0132

   400

        1000

change in density
    44193792

residual
   2.9074e+31

time: neqn: step_count:
    1.0234

   400

        1010

change in density
   -73949184

residual
   7.6899e+31

time: neqn: step_count:
    1.0335

   400

        1020

change in density
   685129728

residual
   2.0596e+32

time: neqn: step_count:
    1.0436

   400

        1030

change in density
   1.6898e+09

residual
   5.4668e+32

time: neqn: step_count:
    1.0537

   400

        1040

change in density
  -5.7303e+09

residual
   1.4597e+33

time: neqn: step_count:
    1.0639

   400

        1050

change in density
   942145536

residual
   3.8874e+33

time: neqn: step_count:
    1.0740

   400

        1060

change in density
  -3.6868e+10

residual
   1.0355e+34

time: neqn: step_count:
    1.0841

   400

        1070

change in density
  -1.5798e+11

residual
   2.7638e+34

time: neqn: step_count:
    1.0943

   400

        1080

change in density
   8.1462e+10

residual
   7.3545e+34

time: neqn: step_count:
    1.1044

   400

        1090

change in density
   1.7561e+12

residual
   1.9638e+35

time: neqn: step_count:
    1.1145

   400

        1100

change in density
   1.1674e+12

residual
   5.2309e+35

time: neqn: step_count:
    1.1247

   400

        1110

change in density
   1.5827e+12

residual
   1.3944e+36

time: neqn: step_count:
    1.1348

   400

        1120

change in density
  -7.2126e+12

residual
   3.7257e+36

time: neqn: step_count:
    1.1449

   400

        1130

change in density
   3.1408e+13

residual
   9.8946e+36

time: neqn: step_count:
    1.1551

   400

        1140

change in density
  -1.3844e+14

residual
   2.6567e+37

time: neqn: step_count:
    1.1652

   400

        1150

change in density
   1.8378e+14

residual
   7.0180e+37

time: neqn: step_count:
    1.1753

   400

        1160

change in density
  -8.4241e+14

residual
   1.8958e+38

time: neqn: step_count:
    1.1855

   400

        1170

change in density
   6.7269e+14

residual
   4.9779e+38

time: neqn: step_count:
    1.1956

   400

        1180

change in density
   3.5175e+15

residual
   1.3530e+39

time: neqn: step_count:
    1.2057

   400

        1190

change in density
  -1.6202e+16

residual
   3.5329e+39

time: neqn: step_count:
    1.2159

   400

        1200

change in density
  -5.2874e+16

residual
   9.6509e+39

time: neqn: step_count:
    1.2260

   400

        1210

change in density
  -1.2170e+17

residual
   2.5105e+40

time: neqn: step_count:
    1.2361

   400

        1220

change in density
   4.4842e+16

residual
   6.8773e+40

time: neqn: step_count:
    1.2463

   400

        1230

change in density
  -1.3412e+18

residual
   1.7871e+41

time: neqn: step_count:
    1.2564

   400

        1240

change in density
  -1.5109e+18

residual
   4.8941e+41

time: neqn: step_count:
    1.2665

   400

        1250

change in density
  -9.5040e+17

residual
   1.2749e+42

time: neqn: step_count:
    1.2767

   400

        1260

change in density
  -3.3130e+17

residual
   3.4777e+42

time: neqn: step_count:
    1.2868

   400

        1270

change in density
  -7.0041e+19

residual
   9.1149e+42

time: neqn: step_count:
    1.2969

   400

        1280

change in density
   7.2965e+19

residual
   2.4677e+43

time: neqn: step_count:
    1.3071

   400

        1290

change in density
   1.5696e+20

residual
   6.5280e+43

time: neqn: step_count:
    1.3172

   400

        1300

change in density
   3.7791e+20

residual
   1.7492e+44

time: neqn: step_count:
    1.3273

   400

        1310

change in density
  -1.4945e+21

residual
   4.6804e+44

time: neqn: step_count:
    1.3374

   400

        1320

change in density
   2.2486e+21

residual
   1.2393e+45

time: neqn: step_count:
    1.3476

   400

        1330

change in density
   4.0963e+21

residual
   3.3566e+45

time: neqn: step_count:
    1.3577

   400

        1340

change in density
  -6.2673e+21

residual
   8.7832e+45

time: neqn: step_count:
    1.3678

   400

        1350

change in density
   7.1707e+22

residual
   2.4058e+46

time: neqn: step_count:
    1.3780

   400

        1360

change in density
  -2.0060e+23

residual
   6.2326e+46

time: neqn: step_count:
    1.3881

   400

        1370

change in density
  -1.3459e+23

residual
   1.7222e+47

time: neqn: step_count:
    1.3982

   400

        1380

change in density
   7.9754e+23

residual
   4.4322e+47

time: neqn: step_count:
    1.4084

   400

        1390

change in density
   6.6615e+24

residual
   1.2307e+48

time: neqn: step_count:
    1.4185

   400

        1400

change in density
  -2.1319e+24

residual
   3.1607e+48

time: neqn: step_count:
    1.4286

   400

        1410

change in density
   5.2271e+25

residual
   8.7783e+48

time: neqn: step_count:
    1.4388

   400

        1420

change in density
   1.7481e+25

residual
   2.2609e+49

time: neqn: step_count:
    1.4489

   400

        1430

change in density
  -1.8686e+26

residual
   6.2498e+49

time: neqn: step_count:
    1.4590

   400

        1440

change in density
   5.2569e+26

residual
   1.6217e+50

time: neqn: step_count:
    1.4692

   400

        1450

change in density
  -3.0348e+27

residual
   4.4430e+50

time: neqn: step_count:
    1.4793

   400

        1460

change in density
  -5.1179e+27

residual
   1.1655e+51

time: neqn: step_count:
    1.4894

   400

        1470

change in density
   1.1638e+28

residual
   3.1556e+51

time: neqn: step_count:
    1.4996

   400

        1480

change in density
   7.3744e+27

residual
   8.3845e+51

time: neqn: step_count:
    1.5097

   400

        1490

change in density
   1.5761e+29

residual
   2.2407e+52

time: neqn: step_count:
    1.5198

   400

        1500

change in density
  -2.9840e+29

residual
   6.0312e+52

time: neqn: step_count:
    1.5300

   400

        1510

change in density
  -1.6242e+29

residual
   1.5921e+53

time: neqn: step_count:
    1.5401

   400

        1520

change in density
   3.5698e+30

residual
   4.3342e+53

time: neqn: step_count:
    1.5502

   400

        1530

change in density
   6.7237e+30

residual
   1.1329e+54

time: neqn: step_count:
    1.5604

   400

        1540

change in density
   8.6687e+29

residual
   3.1098e+54

time: neqn: step_count:
    1.5705

   400

        1550

change in density
  -1.8924e+31

residual
   8.0787e+54

time: neqn: step_count:
    1.5806

   400

        1560

change in density
  -1.3399e+32

residual
   2.2273e+55

time: neqn: step_count:
    1.5908

   400

        1570

change in density
  -2.9377e+32

residual
   5.7750e+55

time: neqn: step_count:
    1.6009

   400

        1580

change in density
   2.6949e+32

residual
   1.5923e+56

time: neqn: step_count:
    1.6110

   400

        1590

change in density
   8.0444e+32

residual
   4.1380e+56

time: neqn: step_count:
    1.6212

   400

        1600

change in density
   7.1209e+33

residual
   1.1367e+57

time: neqn: step_count:
    1.6313

   400

        1610

change in density
   1.6704e+33

residual
   2.9704e+57

time: neqn: step_count:
    1.6414

   400

        1620

change in density
  -4.2959e+34

residual
   8.1060e+57

time: neqn: step_count:
    1.6515

   400

        1630

change in density
  -5.6334e+34

residual
   2.1346e+58

time: neqn: step_count:
    1.6617

   400

        1640

change in density
   2.3426e+33

residual
   5.7781e+58

time: neqn: step_count:
    1.6718

   400

        1650

change in density
  -7.1792e+35

residual
   1.5342e+59

time: neqn: step_count:
    1.6819

   400

        1660

change in density
  -5.6150e+35

residual
   4.1195e+59

time: neqn: step_count:
    1.6921

   400

        1670

change in density
  -2.1252e+35

residual
   1.1022e+60

time: neqn: step_count:
    1.7022

   400

        1680

change in density
  -1.0640e+37

residual
   2.9390e+60

time: neqn: step_count:
    1.7123

   400

        1690

change in density
   3.6300e+37

residual
   7.9106e+60

time: neqn: step_count:
    1.7225

   400

        1700

change in density
   9.6530e+37

residual
   2.0991e+61

time: neqn: step_count:
    1.7326

   400

        1710

change in density
   2.9335e+38

residual
   5.6714e+61

time: neqn: step_count:
    1.7427

   400

        1720

change in density
  -5.8243e+38

residual
   1.5010e+62

time: neqn: step_count:
    1.7529

   400

        1730

change in density
  -1.0575e+38

residual
   4.0622e+62

time: neqn: step_count:
    1.7630

   400

        1740

change in density
   3.0243e+39

residual
   1.0745e+63

time: neqn: step_count:
    1.7731

   400

        1750

change in density
   1.7353e+40

residual
   2.9079e+63

time: neqn: step_count:
    1.7833

   400

        1760

change in density
   1.6419e+40

residual
   7.6974e+63

time: neqn: step_count:
    1.7934

   400

        1770

change in density
  -1.4878e+41

residual
   2.0813e+64

time: neqn: step_count:
    1.8035

   400

        1780

change in density
   8.9526e+40

residual
   5.5163e+64

time: neqn: step_count:
    1.8137

   400

        1790

change in density
  -2.8182e+41

residual
   1.4902e+65

time: neqn: step_count:
    1.8238

   400

        1800

change in density
  -3.0336e+41

residual
   3.9532e+65

time: neqn: step_count:
    1.8339

   400

        1810

change in density
   1.0385e+42

residual
   1.0676e+66

time: neqn: step_count:
    1.8441

   400

        1820

change in density
   1.5650e+43

residual
   2.8324e+66

time: neqn: step_count:
    1.8542

   400

        1830

change in density
  -5.9224e+43

residual
   7.6533e+66

time: neqn: step_count:
    1.8643

   400

        1840

change in density
  -4.3229e+42

residual
   2.0290e+67

time: neqn: step_count:
    1.8745

   400

        1850

change in density
  -9.5867e+43

residual
   5.4895e+67

time: neqn: step_count:
    1.8846

   400

        1860

change in density
  -2.1534e+44

residual
   1.4537e+68

time: neqn: step_count:
    1.8947

   400

        1870

change in density
  -2.3714e+45

residual
   3.9380e+68

time: neqn: step_count:
    1.9049

   400

        1880

change in density
  -6.5055e+44

residual
   1.0422e+69

time: neqn: step_count:
    1.9150

   400

        1890

change in density
  -8.2565e+45

residual
   2.8242e+69

time: neqn: step_count:
    1.9251

   400

        1900

change in density
  -3.8324e+45

residual
   7.4810e+69

time: neqn: step_count:
    1.9352

   400

        1910

change in density
   2.3109e+45

residual
   2.0239e+70

time: neqn: step_count:
    1.9454

   400

        1920

change in density
  -1.1223e+47

residual
   5.3785e+70

time: neqn: step_count:
    1.9555

   400

        1930

change in density
  -1.1408e+48

residual
   1.4490e+71

time: neqn: step_count:
    1.9656

   400

        1940

change in density
   2.0850e+48

residual
   3.8736e+71

time: neqn: step_count:
    1.9758

   400

        1950

change in density
   1.8078e+48

residual
   1.0364e+72

time: neqn: step_count:
    1.9859

   400

        1960

change in density
   1.5293e+48

residual
   2.7940e+72

time: neqn: step_count:
    1.9960

   400

        1970

change in density
  -2.2790e+49

residual
   7.4082e+72

time: neqn: step_count:
    2.0062

   400

        1980

change in density
  -1.7547e+49

residual
   2.0170e+73

time: neqn: step_count:
    2.0163

   400

        1990

change in density
  -4.7968e+50

residual
   5.2967e+73

time: neqn: step_count:
    2.0264

   400

        2000

change in density
  -1.4260e+51

residual
   1.4560e+74

time: neqn: step_count:
    2.0366

   400

        2010

change in density
   2.3918e+51

residual
   3.7917e+74

time: neqn: step_count:
    2.0467

   400

        2020

change in density
   6.4821e+51

residual
   1.0500e+75

time: neqn: step_count:
    2.0568

   400

        2030

change in density
  -1.1801e+52

residual
   2.7208e+75

time: neqn: step_count:
    2.0670

   400

        2040

change in density
   3.2156e+52

residual
   7.5577e+75

time: neqn: step_count:
    2.0771

   400

        2050

change in density
   6.0271e+52

residual
   1.9586e+76

time: neqn: step_count:
    2.0872

   400

        2060

change in density
   4.4278e+52

residual
   5.4263e+76

time: neqn: step_count:
    2.0974

   400

        2070

change in density
   3.0682e+53

residual
   1.4151e+77

time: neqn: step_count:
    2.1075

   400

        2080

change in density
   1.5283e+54

residual
   3.8856e+77

time: neqn: step_count:
    2.1176

   400

        2090

change in density
   1.3852e+55

residual
   1.0256e+78

time: neqn: step_count:
    2.1278

   400

        2100

change in density
  -6.4196e+54

residual
   2.7757e+78

time: neqn: step_count:
    2.1379

   400

        2110

change in density
  -4.0976e+55

residual
   7.4495e+78

time: neqn: step_count:
    2.1480

   400

        2120

change in density
   9.0399e+55

residual
   1.9798e+79

time: neqn: step_count:
    2.1582

   400

        2130

change in density
  -3.0099e+56

residual
   5.4147e+79

time: neqn: step_count:
    2.1683

   400

        2140

change in density
  -3.1646e+56

residual
   1.4121e+80

time: neqn: step_count:
    2.1784

   400

        2150

change in density
   9.4598e+56

residual
   3.9322e+80

time: neqn: step_count:
    2.1886

   400

        2160

change in density
   8.0563e+57

residual
   1.0091e+81

time: neqn: step_count:
    2.1987

   400

        2170

change in density
   3.7402e+57

residual
   2.8489e+81

time: neqn: step_count:
    2.2088

   400

        2180

change in density
   3.8696e+56

residual
   7.2373e+81

time: neqn: step_count:
    2.2190

   400

        2190

change in density
  -6.0947e+57

residual
   2.0568e+82

time: neqn: step_count:
    2.2291

   400

        2200

change in density
  -4.4179e+59

residual
   5.2172e+82

time: neqn: step_count:
    2.2392

   400

        2210

change in density
  -9.7734e+59

residual
   1.4788e+83

time: neqn: step_count:
    2.2493

   400

        2220

change in density
  -1.5223e+60

residual
   3.7814e+83

time: neqn: step_count:
    2.2595

   400

        2230

change in density
  -5.7354e+60

residual
   1.0586e+84

time: neqn: step_count:
    2.2696

   400

        2240

change in density
  -3.3014e+60

residual
   2.7532e+84

time: neqn: step_count:
    2.2797

   400

        2250

change in density
  -1.5693e+59

residual
   7.5484e+84

time: neqn: step_count:
    2.2899

   400

        2260

change in density
  -9.0494e+61

residual
   2.0102e+85

time: neqn: step_count:
    2.3000

   400

        2270

change in density
  -2.8130e+62

residual
   5.3683e+85

time: neqn: step_count:
    2.3101

   400

        2280

change in density
  -7.1025e+61

residual
   1.4685e+86

time: neqn: step_count:
    2.3203

   400

        2290

change in density
  -2.3802e+63

residual
   3.8154e+86

time: neqn: step_count:
    2.3304

   400

        2300

change in density
   1.7462e+63

residual
   1.0710e+87

time: neqn: step_count:
    2.3405

   400

        2310

change in density
   1.5848e+63

residual
   2.7169e+87

time: neqn: step_count:
    2.3507

   400

        2320

change in density
  -2.7616e+64

residual
   7.7843e+87

time: neqn: step_count:
    2.3608

   400

        2330

change in density
   5.4755e+64

residual
   1.9436e+88

time: neqn: step_count:
    2.3709

   400

        2340

change in density
  -1.8074e+65

residual
   5.6308e+88

time: neqn: step_count:
    2.3811

   400

        2350

change in density
  -4.6989e+65

residual
   1.3997e+89

time: neqn: step_count:
    2.3912

   400

        2360

change in density
   8.4044e+65

residual
   4.0505e+89

time: neqn: step_count:
    2.4013

   400

        2370

change in density
  -2.6019e+66

residual
   1.0154e+90

time: neqn: step_count:
    2.4115

   400

        2380

change in density
  -6.8850e+66

residual
   2.8971e+90

time: neqn: step_count:
    2.4216

   400

        2390

change in density
  -7.1941e+66

residual
   7.4107e+90

time: neqn: step_count:
    2.4317

   400

        2400

change in density
   1.7892e+67

residual
   2.0615e+91

time: neqn: step_count:
    2.4419

   400

        2410

change in density
   4.2326e+67

residual
   5.4284e+91

time: neqn: step_count:
    2.4520

   400

        2420

change in density
   8.7307e+68

residual
   1.4613e+92

time: neqn: step_count:
    2.4621

   400

        2430

change in density
  -3.4667e+69

residual
   3.9792e+92

time: neqn: step_count:
    2.4723

   400

        2440

change in density
   5.9389e+69

residual
   1.0344e+93

time: neqn: step_count:
    2.4824

   400

        2450

change in density
  -1.7124e+68

residual
   2.9110e+93

time: neqn: step_count:
    2.4925

   400

        2460

change in density
   5.3962e+70

residual
   7.3333e+93

time: neqn: step_count:
    2.5027

   400

        2470

change in density
   4.1314e+70

residual
   2.1206e+94

time: neqn: step_count:
    2.5128

   400

        2480

change in density
  -1.4912e+71

residual
   5.2259e+94

time: neqn: step_count:
    2.5229

   400

        2490

change in density
  -5.6741e+71

residual
   1.5359e+95

time: neqn: step_count:
    2.5330

   400

        2500

change in density
   3.1999e+72

residual
   3.7541e+95

time: neqn: step_count:
    2.5432

   400

        2510

change in density
   3.2530e+71

residual
   1.1051e+96

time: neqn: step_count:
    2.5533

   400

        2520

change in density
   1.6507e+73

residual
   2.7217e+96

time: neqn: step_count:
    2.5634

   400

        2530

change in density
   7.9361e+72

residual
   7.8978e+96

time: neqn: step_count:
    2.5736

   400

        2540

change in density
   3.3546e+73

residual
   1.9886e+97

time: neqn: step_count:
    2.5837

   400

        2550

change in density
   3.3359e+74

residual
   5.6093e+97

time: neqn: step_count:
    2.5938

   400

        2560

change in density
  -4.8668e+74

residual
   1.4599e+98

time: neqn: step_count:
    2.6040

   400

        2570

change in density
   4.1772e+74

residual
   3.9650e+98

time: neqn: step_count:
    2.6141

   400

        2580

change in density
  -3.2733e+75

residual
   1.0729e+99

time: neqn: step_count:
    2.6242

   400

        2590

change in density
   1.6535e+76

residual
   2.7962e+99

time: neqn: step_count:
    2.6344

   400

        2600

change in density
  -2.5210e+76

residual
   7.8665e+99

time: neqn: step_count:
    2.6445

   400

        2610

change in density
  -1.3615e+77

residual
  1.9743e+100

time: neqn: step_count:
    2.6546

   400

        2620

change in density
   7.2384e+76

residual
  5.7395e+100

time: neqn: step_count:
    2.6648

   400

        2630

change in density
  -2.2716e+77

residual
  1.4015e+101

time: neqn: step_count:
    2.6749

   400

        2640

change in density
  -2.7217e+77

residual
  4.1603e+101

time: neqn: step_count:
    2.6850

   400

        2650

change in density
   1.3428e+78

residual
  1.0043e+102

time: neqn: step_count:
    2.6952

   400

        2660

change in density
  -2.2764e+79

residual
  2.9933e+102

time: neqn: step_count:
    2.7053

   400

        2670

change in density
  -4.9810e+79

residual
  7.2759e+102

time: neqn: step_count:
    2.7154

   400

        2680

change in density
   2.5854e+79

residual
  2.1375e+103

time: neqn: step_count:
    2.7256

   400

        2690

change in density
   4.4629e+80

residual
  5.3222e+103

time: neqn: step_count:
    2.7357

   400

        2700

change in density
  -6.2403e+80

residual
  1.5158e+104

time: neqn: step_count:
    2.7458

   400

        2710

change in density
   2.7472e+80

residual
  3.9153e+104

time: neqn: step_count:
    2.7560

   400

        2720

change in density
  -1.9879e+81

residual
  1.0691e+105

time: neqn: step_count:
    2.7661

   400

        2730

change in density
   1.7406e+82

residual
  2.8833e+105

time: neqn: step_count:
    2.7762

   400

        2740

change in density
   1.5573e+82

residual
  7.5177e+105

time: neqn: step_count:
    2.7864

   400

        2750

change in density
  -1.6554e+83

residual
  2.1173e+106

time: neqn: step_count:
    2.7965

   400

        2760

change in density
  -1.6054e+83

residual
  5.2913e+106

time: neqn: step_count:
    2.8066

   400

        2770

change in density
   4.9252e+83

residual
  1.5461e+107

time: neqn: step_count:
    2.8167

   400

        2780

change in density
   3.6268e+83

residual
  3.7460e+107

time: neqn: step_count:
    2.8269

   400

        2790

change in density
   1.1874e+85

residual
  1.1207e+108

time: neqn: step_count:
    2.8370

   400

        2800

change in density
   6.3002e+84

residual
  2.6808e+108

time: neqn: step_count:
    2.8471

   400

        2810

change in density
  -2.7597e+85

residual
  8.0587e+108

time: neqn: step_count:
    2.8573

   400

        2820

change in density
   3.4748e+85

residual
  1.9439e+109

time: neqn: step_count:
    2.8674

   400

        2830

change in density
  -5.4274e+85

residual
  5.7486e+109

time: neqn: step_count:
    2.8775

   400

        2840

change in density
   3.3901e+86

residual
  1.4253e+110

time: neqn: step_count:
    2.8877

   400

        2850

change in density
   2.0565e+87

residual
  4.0705e+110

time: neqn: step_count:
    2.8978

   400

        2860

change in density
  -2.3716e+87

residual
  1.0512e+111

time: neqn: step_count:
    2.9079

   400

        2870

change in density
  -1.0952e+88

residual
  2.8653e+111

time: neqn: step_count:
    2.9181

   400

        2880

change in density
   1.1477e+88

residual
  7.7562e+111

time: neqn: step_count:
    2.9282

   400

        2890

change in density
   6.3702e+88

residual
  2.0105e+112

time: neqn: step_count:
    2.9383

   400

        2900

change in density
   1.9922e+89

residual
  5.7002e+112

time: neqn: step_count:
    2.9485

   400

        2910

change in density
  -1.3551e+89

residual
  1.4122e+113

time: neqn: step_count:
    2.9586

   400

        2920

change in density
  -4.6699e+89

residual
  4.1613e+113

time: neqn: step_count:
    2.9687

   400

        2930

change in density
   5.6956e+89

residual
  9.9893e+113

time: neqn: step_count:
    2.9789

   400

        2940

change in density
  -1.3965e+90

residual
  3.0134e+114

time: neqn: step_count:
    2.9890

   400

        2950

change in density
  -8.5201e+90

residual
  7.1591e+114

time: neqn: step_count:
    2.9991

   400

        2960

change in density
   9.9907e+90

residual
  2.1639e+115

time: neqn: step_count:
    3.0093

   400

        2970

change in density
   1.3997e+92

residual
  5.2114e+115

time: neqn: step_count:
    3.0194

   400

        2980

change in density
   7.3098e+92

residual
  1.5411e+116

time: neqn: step_count:
    3.0295

   400

        2990

change in density
  -3.7243e+92

residual
  3.8386e+116

time: neqn: step_count:
    3.0397

   400

        3000

change in density
   2.5191e+93

residual
  1.0892e+117

time: neqn: step_count:
    3.0498

   400

        3010

change in density
  -1.1266e+94

residual
  2.8407e+117

time: neqn: step_count:
    3.0599

   400

        3020

change in density
  -2.3724e+93

residual
  7.6527e+117

time: neqn: step_count:
    3.0701

   400

        3030

change in density
   8.6106e+93

residual
  2.0991e+118

time: neqn: step_count:
    3.0802

   400

        3040

change in density
   9.8727e+94

residual
  5.3611e+118

time: neqn: step_count:
    3.0903

   400

        3050

change in density
  -9.4220e+95

residual
  1.5423e+119

time: neqn: step_count:
    3.1005

   400

        3060

change in density
   2.2186e+96

residual
  3.7639e+119

time: neqn: step_count:
    3.1106

   400

        3070

change in density
   2.9179e+96

residual
  1.1243e+120

time: neqn: step_count:
    3.1207

   400

        3080

change in density
   1.7874e+96

residual
  2.6682e+120

time: neqn: step_count:
    3.1308

   400

        3090

change in density
   3.3032e+97

residual
  8.1252e+120

time: neqn: step_count:
    3.1410

   400

        3100

change in density
   7.4545e+97

residual
  1.9241e+121

time: neqn: step_count:
    3.1511

   400

        3110

change in density
   2.8868e+97

residual
  5.8219e+121

time: neqn: step_count:
    3.1612

   400

        3120

change in density
   4.4180e+98

residual
  1.4123e+122

time: neqn: step_count:
    3.1714

   400

        3130

change in density
   2.6161e+99

residual
  4.1369e+122

time: neqn: step_count:
    3.1815

   400

        3140

change in density
   9.9716e+99

residual
  1.0470e+123

time: neqn: step_count:
    3.1916

   400

        3150

change in density
  1.4424e+100

residual
  2.9173e+123

time: neqn: step_count:
    3.2018

   400

        3160

change in density
  2.2481e+100

residual
  7.7728e+123

time: neqn: step_count:
    3.2119

   400

        3170

change in density
 -2.1785e+100

residual
  2.0458e+124

time: neqn: step_count:
    3.2220

   400

        3180

change in density
  2.2562e+101

residual
  5.7452e+124

time: neqn: step_count:
    3.2322

   400

        3190

change in density
 -2.2582e+101

residual
  1.4323e+125

time: neqn: step_count:
    3.2423

   400

        3200

change in density
  1.3660e+102

residual
  4.2143e+125

time: neqn: step_count:
    3.2524

   400

        3210

change in density
  3.4652e+102

residual
  1.0079e+126

time: neqn: step_count:
    3.2626

   400

        3220

change in density
 -9.3692e+102

residual
  3.0641e+126

time: neqn: step_count:
    3.2727

   400

        3230

change in density
 -5.7187e+103

residual
  7.2033e+126

time: neqn: step_count:
    3.2828

   400

        3240

change in density
  3.3213e+103

residual
  2.2083e+127

{Operation terminated by user during solver_DVM_2x3v (line 201)


In ex_heated_cavity (line 93)
result = solver_DVM_2x3v(par);

In run (line 91)
evalin('caller', strcat(script, ';'));
} 
