
                            < M A T L A B (R) >
                  Copyright 1984-2018 The MathWorks, Inc.
                   R2018a (9.4.0.813654) 64-bit (glnxa64)
                             February 23, 2018

 
To get started, type one of these: helpwin, helpdesk, or demo.
For product information, visit www.mathworks.com.
 
delta t
    0.0010

time: neqn: step_count:
    0.0105

   100

    10

change in density
   5.2290e-34

residual
   3.0741e-17

time: neqn: step_count:
    0.0210

   100

    20

change in density
   1.6215e-20

residual
   1.5773e-06

time: neqn: step_count:
    0.0315

   100

    30

change in density
   8.5401e-16

residual
    0.0051

time: neqn: step_count:
    0.0420

   100

    40

change in density
   2.4585e-13

residual
    0.2492

time: neqn: step_count:
    0.0525

   100

    50

change in density
   7.7599e-12

residual
    2.3507

time: neqn: step_count:
    0.0630

   100

    60

change in density
   7.7525e-11

residual
    9.8945

time: neqn: step_count:
    0.0734

   100

    70

change in density
   3.9714e-10

residual
   26.6028

time: neqn: step_count:
    0.0839

   100

    80

change in density
   1.3397e-09

residual
   54.4635

time: neqn: step_count:
    0.0944

   100

    90

change in density
   3.4230e-09

residual
   93.4194

time: neqn: step_count:
    0.1049

   100

   100

change in density
   7.1982e-09

residual
  142.0018

time: neqn: step_count:
    0.1154

   100

   110

change in density
   1.3136e-08

residual
  198.0361

time: neqn: step_count:
    0.1259

   100

   120

change in density
   2.1555e-08

residual
  259.1436

time: neqn: step_count:
    0.1364

   100

   130

change in density
   3.2600e-08

residual
  323.0716

time: neqn: step_count:
    0.1469

   100

   140

change in density
   4.6260e-08

residual
  387.8904

time: neqn: step_count:
    0.1574

   100

   150

change in density
   6.2393e-08

residual
  452.0748

time: neqn: step_count:
    0.1679

   100

   160

change in density
   8.0764e-08

residual
  514.4916

time: neqn: step_count:
    0.1784

   100

   170

change in density
   1.0107e-07

residual
  574.3407

time: neqn: step_count:
    0.1889

   100

   180

change in density
   1.2296e-07

residual
  631.0884

time: neqn: step_count:
    0.1994

   100

   190

change in density
   1.4608e-07

residual
  684.4106

time: neqn: step_count:
    0.2098

   100

   200

change in density
   1.7005e-07

residual
  734.1433

time: neqn: step_count:
    0.2203

   100

   210

change in density
   1.9453e-07

residual
  780.2390

time: neqn: step_count:
    0.2308

   100

   220

change in density
   2.1916e-07

residual
  822.7290

time: neqn: step_count:
    0.2413

   100

   230

change in density
   2.4367e-07

residual
  861.6960

time: neqn: step_count:
    0.2518

   100

   240

change in density
   2.6778e-07

residual
  897.2563

time: neqn: step_count:
    0.2623

   100

   250

change in density
   2.9128e-07

residual
  929.5475

time: neqn: step_count:
    0.2728

   100

   260

change in density
   3.1398e-07

residual
  958.7196

time: neqn: step_count:
    0.2833

   100

   270

change in density
   3.3575e-07

residual
  984.9280

time: neqn: step_count:
    0.2938

   100

   280

change in density
   3.5649e-07

residual
   1.0083e+03

time: neqn: step_count:
    0.3043

   100

   290

change in density
   3.7611e-07

residual
   1.0291e+03

time: neqn: step_count:
    0.3148

   100

   300

change in density
   3.9459e-07

residual
   1.0473e+03

time: neqn: step_count:
    0.3253

   100

   310

change in density
   4.1189e-07

residual
   1.0632e+03

time: neqn: step_count:
    0.3358

   100

   320

change in density
   4.2801e-07

residual
   1.0769e+03

time: neqn: step_count:
    0.3462

   100

   330

change in density
   4.4298e-07

residual
   1.0885e+03

time: neqn: step_count:
    0.3567

   100

   340

change in density
   4.5681e-07

residual
   1.0981e+03

time: neqn: step_count:
    0.3672

   100

   350

change in density
   4.6953e-07

residual
   1.1060e+03

time: neqn: step_count:
    0.3777

   100

   360

change in density
   4.8120e-07

residual
   1.1121e+03

time: neqn: step_count:
    0.3882

   100

   370

change in density
   4.9185e-07

residual
   1.1167e+03

time: neqn: step_count:
    0.3987

   100

   380

change in density
   5.0153e-07

residual
   1.1197e+03

time: neqn: step_count:
    0.4092

   100

   390

change in density
   5.1029e-07

residual
   1.1214e+03

time: neqn: step_count:
    0.4197

   100

   400

change in density
   5.1819e-07

residual
   1.1218e+03

time: neqn: step_count:
    0.4302

   100

   410

change in density
   5.2528e-07

residual
   1.1211e+03

time: neqn: step_count:
    0.4407

   100

   420

change in density
   5.3159e-07

residual
   1.1192e+03

time: neqn: step_count:
    0.4512

   100

   430

change in density
   5.3719e-07

residual
   1.1163e+03

time: neqn: step_count:
    0.4617

   100

   440

change in density
   5.4210e-07

residual
   1.1124e+03

time: neqn: step_count:
    0.4721

   100

   450

change in density
   5.4639e-07

residual
   1.1077e+03

time: neqn: step_count:
    0.4826

   100

   460

change in density
   5.5007e-07

residual
   1.1022e+03

time: neqn: step_count:
    0.4931

   100

   470

change in density
   5.5319e-07

residual
   1.0959e+03

time: neqn: step_count:
    0.5036

   100

   480

change in density
   5.5578e-07

residual
   1.0889e+03

time: neqn: step_count:
    0.5141

   100

   490

change in density
   5.5791e-07

residual
   1.0814e+03

time: neqn: step_count:
    0.5246

   100

   500

change in density
   5.5961e-07

residual
   1.0732e+03

time: neqn: step_count:
    0.5351

   100

   510

change in density
   5.6094e-07

residual
   1.0645e+03

time: neqn: step_count:
    0.5456

   100

   520

change in density
   5.6196e-07

residual
   1.0553e+03

time: neqn: step_count:
    0.5561

   100

   530

change in density
   5.6272e-07

residual
   1.0456e+03

time: neqn: step_count:
    0.5666

   100

   540

change in density
   5.6327e-07

residual
   1.0356e+03

time: neqn: step_count:
    0.5771

   100

   550

change in density
   5.6366e-07

residual
   1.0251e+03

time: neqn: step_count:
    0.5876

   100

   560

change in density
   5.6393e-07

residual
   1.0144e+03

time: neqn: step_count:
    0.5981

   100

   570

change in density
   5.6413e-07

residual
   1.0033e+03

time: neqn: step_count:
    0.6085

   100

   580

change in density
   5.6428e-07

residual
  991.9349

time: neqn: step_count:
    0.6190

   100

   590

change in density
   5.6442e-07

residual
  980.3364

time: neqn: step_count:
    0.6295

   100

   600

change in density
   5.6458e-07

residual
  968.5141

time: neqn: step_count:
    0.6400

   100

   610

change in density
   5.6477e-07

residual
  956.4913

time: neqn: step_count:
    0.6505

   100

   620

change in density
   5.6502e-07

residual
  944.2894

time: neqn: step_count:
    0.6610

   100

   630

change in density
   5.6533e-07

residual
  931.9279

time: neqn: step_count:
    0.6715

   100

   640

change in density
   5.6573e-07

residual
  919.4246

time: neqn: step_count:
    0.6820

   100

   650

change in density
   5.6621e-07

residual
  906.7960

time: neqn: step_count:
    0.6925

   100

   660

change in density
   5.6679e-07

residual
  894.0569

time: neqn: step_count:
    0.7030

   100

   670

change in density
   5.6747e-07

residual
  881.2208

time: neqn: step_count:
    0.7135

   100

   680

change in density
   5.6826e-07

residual
  868.3002

time: neqn: step_count:
    0.7240

   100

   690

change in density
   5.6917e-07

residual
  855.3064

time: neqn: step_count:
    0.7345

   100

   700

change in density
   5.7018e-07

residual
  842.2498

time: neqn: step_count:
    0.7449

   100

   710

change in density
   5.7131e-07

residual
  829.1401

time: neqn: step_count:
    0.7554

   100

   720

change in density
   5.7255e-07

residual
  815.9861

time: neqn: step_count:
    0.7659

   100

   730

change in density
   5.7390e-07

residual
  802.7964

time: neqn: step_count:
    0.7764

   100

   740

change in density
   5.7537e-07

residual
  789.5789

time: neqn: step_count:
    0.7869

   100

   750

change in density
   5.7694e-07

residual
  776.3412

time: neqn: step_count:
    0.7974

   100

   760

change in density
   5.7863e-07

residual
  763.0907

time: neqn: step_count:
    0.8079

   100

   770

change in density
   5.8042e-07

residual
  749.8347

time: neqn: step_count:
    0.8184

   100

   780

change in density
   5.8232e-07

residual
  736.5803

time: neqn: step_count:
    0.8289

   100

   790

change in density
   5.8431e-07

residual
  723.3345

time: neqn: step_count:
    0.8394

   100

   800

change in density
   5.8640e-07

residual
  710.1041

time: neqn: step_count:
    0.8499

   100

   810

change in density
   5.8859e-07

residual
  696.8962

time: neqn: step_count:
    0.8604

   100

   820

change in density
   5.9086e-07

residual
  683.7174

time: neqn: step_count:
    0.8709

   100

   830

change in density
   5.9321e-07

residual
  670.5744

time: neqn: step_count:
    0.8813

   100

   840

change in density
   5.9564e-07

residual
  657.4737

time: neqn: step_count:
    0.8918

   100

   850

change in density
   5.9815e-07

residual
  644.4215

time: neqn: step_count:
    0.9023

   100

   860

change in density
   6.0071e-07

residual
  631.4242

time: neqn: step_count:
    0.9128

   100

   870

change in density
   6.0334e-07

residual
  618.4875

time: neqn: step_count:
    0.9233

   100

   880

change in density
   6.0603e-07

residual
  605.6175

time: neqn: step_count:
    0.9338

   100

   890

change in density
   6.0876e-07

residual
  592.8196

time: neqn: step_count:
    0.9443

   100

   900

change in density
   6.1153e-07

residual
  580.0996

time: neqn: step_count:
    0.9548

   100

   910

change in density
   6.1435e-07

residual
  567.4626

time: neqn: step_count:
    0.9653

   100

   920

change in density
   6.1719e-07

residual
  554.9138

time: neqn: step_count:
    0.9758

   100

   930

change in density
   6.2005e-07

residual
  542.4582

time: neqn: step_count:
    0.9863

   100

   940

change in density
   6.2293e-07

residual
  530.1006

{Operation terminated by user during store_minimized_entropy (line 10)


In solver_DVM_2x3v (line 199)
         fM = store_minimized_entropy(par.system.Ax,par.system.Ay, ...

In ex_heated_cavity (line 86)
result = solver_DVM_2x3v(par);

In run (line 91)
evalin('caller', strcat(script, ';'));
} 
