
                            < M A T L A B (R) >
                  Copyright 1984-2018 The MathWorks, Inc.
                   R2018b (9.5.0.944444) 64-bit (glnxa64)
                              August 28, 2018

 
To get started, type doc.
For product information, visit www.mathworks.com.
 
time: neqn: step_count: 
   8.6204e-04

   252

     0

residual: 
     0

time: neqn: step_count: 
    0.0871

   252

   100

residual: 
     0

time: neqn: step_count: 
    0.1733

   252

   200

residual: 
     0

time: neqn: step_count: 
    0.2595

   252

   300

residual: 
     0

349 time steps
CPU-times
 advection:         311.98s  100%
plotting:            0.00s    0%
CPU-times
 advection:           0.00s    0%
plotting:final residual while writting: 0.000000000000000e+00
