
                            < M A T L A B (R) >
                  Copyright 1984-2018 The MathWorks, Inc.
                   R2018a (9.4.0.813654) 64-bit (glnxa64)
                             February 23, 2018

 
To get started, type one of these: helpwin, helpdesk, or demo.
For product information, visit www.mathworks.com.
 
time: neqn: step_count: 
    0.0010

   125

     0

residual: 
     0

time: neqn: step_count: 
    0.1039

   125

   100

residual: 
     0

time: neqn: step_count: 
    0.2068

   125

   200

residual: 
     0

292 time steps
CPU-times
 advection:         185.62s  100%
plotting:            0.00s    0%
CPU-times
 advection:           0.00s    0%
plotting:final residual while writting: 0.000000000000000e+00
