
                            < M A T L A B (R) >
                  Copyright 1984-2018 The MathWorks, Inc.
                   R2018b (9.5.0.944444) 64-bit (glnxa64)
                              August 28, 2018

 
To get started, type doc.
For product information, visit www.mathworks.com.
 
time: neqn: step_count: 
    0.0011

    70

     0

residual: 
     0

time: neqn: step_count: 
    0.1108

    70

   100

residual: 
     0

time: neqn: step_count: 
    0.2204

    70

   200

residual: 
     0

274 time steps
CPU-times
 advection:          71.65s  100%
plotting:            0.00s    0%
CPU-times
 advection:           0.00s    0%
plotting:final residual while writting: 0.000000000000000e+00
