
                            < M A T L A B (R) >
                  Copyright 1984-2018 The MathWorks, Inc.
                   R2018b (9.5.0.944444) 64-bit (glnxa64)
                              August 28, 2018

 
To get started, type doc.
For product information, visit www.mathworks.com.
 
time: neqn: step_count: 
   5.4758e-04

   308

     0

residual: 
     0

time: neqn: step_count: 
    0.0553

   308

   100

residual: 
     0

time: neqn: step_count: 
    0.1101

   308

   200

residual: 
     0

time: neqn: step_count: 
    0.1648

   308

   300

residual: 
     0

time: neqn: step_count: 
    0.2196

   308

   400

residual: 
     0

time: neqn: step_count: 
    0.2743

   308

   500

residual: 
     0

548 time steps
CPU-times
 advection:        1015.37s  100%
plotting:            0.00s    0%
CPU-times
 advection:           0.00s    0%
plotting:final residual while writting: 0.000000000000000e+00
