
                            < M A T L A B (R) >
                  Copyright 1984-2018 The MathWorks, Inc.
                   R2018a (9.4.0.813654) 64-bit (glnxa64)
                             February 23, 2018

 
To get started, type one of these: helpwin, helpdesk, or demo.
For product information, visit www.mathworks.com.
 
time: neqn: step_count: 
   6.4251e-04

   161

     0

residual: 
     0

time: neqn: step_count: 
    0.0649

   161

   100

residual: 
     0

time: neqn: step_count: 
    0.1291

   161

   200

residual: 
     0

time: neqn: step_count: 
    0.1934

   161

   300

residual: 
     0

time: neqn: step_count: 
    0.2576

   161

   400

residual: 
     0

467 time steps
CPU-times
 advection:         764.24s  100%
plotting:            0.00s    0%
CPU-times
 advection:           0.00s    0%
plotting:final residual while writting: 0.000000000000000e+00
