
                            < M A T L A B (R) >
                  Copyright 1984-2018 The MathWorks, Inc.
                   R2018b (9.5.0.944444) 64-bit (glnxa64)
                              August 28, 2018

 
To get started, type doc.
For product information, visit www.mathworks.com.
 
time: neqn: step_count: 
   5.7470e-04

   252

     0

residual: 
     0

time: neqn: step_count: 
    0.0580

   252

   100

residual: 
     0

time: neqn: step_count: 
    0.1155

   252

   200

residual: 
     0

time: neqn: step_count: 
    0.1730

   252

   300

residual: 
     0

time: neqn: step_count: 
    0.2305

   252

   400

residual: 
     0

time: neqn: step_count: 
    0.2879

   252

   500

residual: 
     0

523 time steps
CPU-times
 advection:         795.69s  100%
plotting:            0.00s    0%
CPU-times
 advection:           0.00s    0%
plotting:final residual while writting: 0.000000000000000e+00
