
                            < M A T L A B (R) >
                  Copyright 1984-2018 The MathWorks, Inc.
                   R2018a (9.4.0.813654) 64-bit (glnxa64)
                             February 23, 2018

 
To get started, type one of these: helpwin, helpdesk, or demo.
For product information, visit www.mathworks.com.
 
time: neqn: step_count: 
    0.0015

    34

     0

residual: 
  4.1736e-142

time: neqn: step_count: 
    0.1519

    34

   100

residual: 
   12.7332

time: neqn: step_count: 
    0.3023

    34

   200

residual: 
   29.2302

time: neqn: step_count: 
    0.4527

    34

   300

residual: 
   30.8538

time: neqn: step_count: 
    0.6031

    34

   400

residual: 
   27.8419

time: neqn: step_count: 
    0.7536

    34

   500

residual: 
   23.7021

time: neqn: step_count: 
    0.9040

    34

   600

residual: 
   19.6746

time: neqn: step_count: 
    1.0544

    34

   700

residual: 
   16.6314

time: neqn: step_count: 
    1.2048

    34

   800

residual: 
   14.6144

time: neqn: step_count: 
    1.3552

    34

   900

residual: 
   12.5516

time: neqn: step_count: 
    1.5056

    34

        1000

residual: 
   10.0898

time: neqn: step_count: 
    1.6560

    34

        1100

residual: 
    7.5451

time: neqn: step_count: 
    1.8064

    34

        1200

residual: 
    5.4221

time: neqn: step_count: 
    1.9568

    34

        1300

residual: 
    4.0371

time: neqn: step_count: 
    2.1072

    34

        1400

residual: 
    3.3052

time: neqn: step_count: 
    2.2576

    34

        1500

residual: 
    2.8452

time: neqn: step_count: 
    2.4081

    34

        1600

residual: 
    2.3792

time: neqn: step_count: 
    2.5585

    34

        1700

residual: 
    1.8654

time: neqn: step_count: 
    2.7089

    34

        1800

residual: 
    1.3967

time: neqn: step_count: 
    2.8593

    34

        1900

residual: 
    1.0761

time: neqn: step_count: 
    3.0097

    34

        2000

residual: 
    0.9086

time: neqn: step_count: 
    3.1601

    34

        2100

residual: 
    0.8044

time: neqn: step_count: 
    3.3105

    34

        2200

residual: 
    0.6877

time: neqn: step_count: 
    3.4609

    34

        2300

residual: 
    0.5463

time: neqn: step_count: 
    3.6113

    34

        2400

residual: 
    0.4081

time: neqn: step_count: 
    3.7617

    34

        2500

residual: 
    0.3074

time: neqn: step_count: 
    3.9122

    34

        2600

residual: 
    0.2543

time: neqn: step_count: 
    4.0626

    34

        2700

residual: 
    0.2262

time: neqn: step_count: 
    4.2130

    34

        2800

residual: 
    0.1970

time: neqn: step_count: 
    4.3634

    34

        2900

residual: 
    0.1593

time: neqn: step_count: 
    4.5138

    34

        3000

residual: 
    0.1199

time: neqn: step_count: 
    4.6642

    34

        3100

residual: 
    0.0892

time: neqn: step_count: 
    4.8146

    34

        3200

residual: 
    0.0722

time: neqn: step_count: 
    4.9650

    34

        3300

residual: 
    0.0642

time: neqn: step_count: 
    5.1154

    34

        3400

residual: 
    0.0568

time: neqn: step_count: 
    5.2658

    34

        3500

residual: 
    0.0468

time: neqn: step_count: 
    5.4162

    34

        3600

residual: 
    0.0357

time: neqn: step_count: 
    5.5667

    34

        3700

residual: 
    0.0263

time: neqn: step_count: 
    5.7171

    34

        3800

residual: 
    0.0208

time: neqn: step_count: 
    5.8675

    34

        3900

residual: 
    0.0183

time: neqn: step_count: 
    6.0179

    34

        4000

residual: 
    0.0164

time: neqn: step_count: 
    6.1683

    34

        4100

residual: 
    0.0138

time: neqn: step_count: 
    6.3187

    34

        4200

residual: 
    0.0107

time: neqn: step_count: 
    6.4691

    34

        4300

residual: 
    0.0079

time: neqn: step_count: 
    6.6195

    34

        4400

residual: 
    0.0061

time: neqn: step_count: 
    6.7699

    34

        4500

residual: 
    0.0053

time: neqn: step_count: 
    6.9203

    34

        4600

residual: 
    0.0047

time: neqn: step_count: 
    7.0708

    34

        4700

residual: 
    0.0041

time: neqn: step_count: 
    7.2212

    34

        4800

residual: 
    0.0032

time: neqn: step_count: 
    7.3716

    34

        4900

residual: 
    0.0024

time: neqn: step_count: 
    7.5220

    34

        5000

residual: 
    0.0018

time: neqn: step_count: 
    7.6724

    34

        5100

residual: 
    0.0015

time: neqn: step_count: 
    7.8228

    34

        5200

residual: 
    0.0014

time: neqn: step_count: 
    7.9732

    34

        5300

residual: 
    0.0012

time: neqn: step_count: 
    8.1236

    34

        5400

residual: 
   9.5570e-04

time: neqn: step_count: 
    8.2740

    34

        5500

residual: 
   7.1187e-04

time: neqn: step_count: 
    8.4244

    34

        5600

residual: 
   5.3051e-04

time: neqn: step_count: 
    8.5748

    34

        5700

residual: 
   4.3819e-04

time: neqn: step_count: 
    8.7253

    34

        5800

residual: 
   3.9542e-04

time: neqn: step_count: 
    8.8757

    34

        5900

residual: 
   3.4949e-04

time: neqn: step_count: 
    9.0261

    34

        6000

residual: 
   2.8539e-04

time: neqn: step_count: 
    9.1765

    34

        6100

residual: 
   2.1508e-04

time: neqn: step_count: 
    9.3269

    34

        6200

residual: 
   1.5872e-04

time: neqn: step_count: 
    9.4773

    34

        6300

residual: 
   1.2752e-04

time: neqn: step_count: 
    9.6277

    34

        6400

residual: 
   1.1406e-04

time: neqn: step_count: 
    9.7781

    34

        6500

residual: 
   1.0210e-04

time: neqn: step_count: 
    9.9285

    34

        6600

residual: 
   8.4966e-05

time: neqn: step_count: 
   10.0789

    34

        6700

residual: 
   6.4969e-05

time: neqn: step_count: 
   10.2294

    34

        6800

residual: 
   4.7750e-05

time: neqn: step_count: 
   10.3798

    34

        6900

residual: 
   3.7400e-05

time: neqn: step_count: 
   10.5302

    34

        7000

residual: 
   3.2934e-05

time: neqn: step_count: 
   10.6806

    34

        7100

residual: 
   2.9738e-05

time: neqn: step_count: 
   10.8310

    34

        7200

residual: 
   2.5206e-05

time: neqn: step_count: 
   10.9814

    34

        7300

residual: 
   1.9599e-05

time: neqn: step_count: 
   11.1318

    34

        7400

residual: 
   1.4420e-05

time: neqn: step_count: 
   11.2822

    34

        7500

residual: 
   1.1042e-05

time: neqn: step_count: 
   11.4326

    34

        7600

residual: 
   9.5205e-06

time: neqn: step_count: 
   11.5830

    34

        7700

residual: 
   8.6348e-06

time: neqn: step_count: 
   11.7334

    34

        7800

residual: 
   7.4488e-06

time: neqn: step_count: 
   11.8839

    34

        7900

residual: 
   5.8982e-06

time: neqn: step_count: 
   12.0343

    34

        8000

residual: 
   4.3644e-06

time: neqn: step_count: 
   12.1847

    34

        8100

residual: 
   3.2802e-06

time: neqn: step_count: 
   12.3351

    34

        8200

residual: 
   2.7586e-06

time: neqn: step_count: 
   12.4855

    34

        8300

residual: 
   2.5011e-06

time: neqn: step_count: 
   12.6359

    34

        8400

residual: 
   2.1925e-06

time: neqn: step_count: 
   12.7863

    34

        8500

residual: 
   1.7689e-06

time: neqn: step_count: 
   12.9367

    34

        8600

residual: 
   1.3219e-06

time: neqn: step_count: 
   13.0871

    34

        8700

residual: 
   9.8039e-07

time: neqn: step_count: 
   13.2375

    34

        8800

residual: 
   8.0216e-07

time: neqn: step_count: 
   13.3880

    34

        8900

residual: 
   7.2311e-07

time: neqn: step_count: 
   13.5384

    34

        9000

residual: 
   6.4278e-07

time: neqn: step_count: 
   13.6888

    34

        9100

residual: 
   5.2854e-07

time: neqn: step_count: 
   13.8392

    34

        9200

residual: 
   4.0018e-07

time: neqn: step_count: 
   13.9896

    34

        9300

residual: 
   2.9457e-07

time: neqn: step_count: 
   14.1400

    34

        9400

residual: 
   2.3442e-07

time: neqn: step_count: 
   14.2904

    34

        9500

residual: 
   2.0885e-07

time: neqn: step_count: 
   14.4408

    34

        9600

residual: 
   1.8776e-07

time: neqn: step_count: 
   14.5912

    34

        9700

residual: 
   1.5731e-07

time: neqn: step_count: 
   14.7416

    34

        9800

residual: 
   1.2097e-07

time: neqn: step_count: 
   14.8920

    34

        9900

residual: 
   8.8870e-08

time: neqn: step_count: 
   15.0425

    34

       10000

residual: 
   6.9018e-08

time: neqn: step_count: 
   15.1929

    34

       10100

residual: 
   6.0375e-08

time: neqn: step_count: 
   15.3433

    34

       10200

residual: 
   5.4652e-08

time: neqn: step_count: 
   15.4937

    34

       10300

residual: 
   4.6632e-08

time: neqn: step_count: 
   15.6441

    34

       10400

residual: 
   3.6489e-08

time: neqn: step_count: 
   15.7945

    34

       10500

residual: 
   2.6884e-08

time: neqn: step_count: 
   15.9449

    34

       10600

residual: 
   2.0436e-08

time: neqn: step_count: 
   16.0953

    34

       10700

residual: 
   1.7474e-08

time: neqn: step_count: 
   16.2457

    34

       10800

residual: 
   1.5860e-08

time: neqn: step_count: 
   16.3961

    34

       10900

residual: 
   1.3766e-08

time: neqn: step_count: 
   16.5466

    34

       11000

residual: 
   1.0972e-08

11034 time steps
CPU-times
 advection:        1949.35s  100%
plotting:            0.00s    0%
CPU-times
 advection:           0.00s    0%
plotting:final residual while writting: 1.097239401676252e-08
