
                            < M A T L A B (R) >
                  Copyright 1984-2018 The MathWorks, Inc.
                   R2018a (9.4.0.813654) 64-bit (glnxa64)
                             February 23, 2018

 
To get started, type one of these: helpwin, helpdesk, or demo.
For product information, visit www.mathworks.com.
 
time: neqn: step_count 
    0.0667

    50

    50

time: neqn: step_count 
    0.1333

    50

   100

time: neqn: step_count 
    0.2000

    50

   150

time: neqn: step_count 
    0.2666

    50

   200

time: neqn: step_count 
    0.3333

    50

   250

time: neqn: step_count 
    0.4000

    50

   300

time: neqn: step_count 
    0.4666

    50

   350

376 time steps
CPU-times
 advection:          54.45s  100%
plotting:            0.00s    0%
CPU-times
 advection:           0.00s    0%
plotting: