
                            < M A T L A B (R) >
                  Copyright 1984-2018 The MathWorks, Inc.
                   R2018a (9.4.0.813654) 64-bit (glnxa64)
                             February 23, 2018

 
To get started, type one of these: helpwin, helpdesk, or demo.
For product information, visit www.mathworks.com.
 
time: neqn: step_count 
    0.0554

    95

    50

time: neqn: step_count 
    0.1108

    95

   100

time: neqn: step_count 
    0.1662

    95

   150

time: neqn: step_count 
    0.2216

    95

   200

time: neqn: step_count 
    0.2770

    95

   250

time: neqn: step_count 
    0.3324

    95

   300

time: neqn: step_count 
    0.3878

    95

   350

time: neqn: step_count 
    0.4432

    95

   400

time: neqn: step_count 
    0.4986

    95

   450

452 time steps
CPU-times
 advection:         135.50s  100%
plotting:            0.00s    0%
CPU-times
 advection:           0.00s    0%
plotting: