
                            < M A T L A B (R) >
                  Copyright 1984-2018 The MathWorks, Inc.
                   R2018a (9.4.0.813654) 64-bit (glnxa64)
                             February 23, 2018

 
To get started, type one of these: helpwin, helpdesk, or demo.
For product information, visit www.mathworks.com.
 
time: neqn: step_count 
    0.1071

    13

    50

time: neqn: step_count 
    0.2142

    13

   100

time: neqn: step_count 
    0.3213

    13

   150

time: neqn: step_count 
    0.4284

    13

   200

234 time steps
CPU-times
 advection:           7.99s  100%
plotting:            0.00s    0%
CPU-times
 advection:           0.00s    0%
plotting: