
                            < M A T L A B (R) >
                  Copyright 1984-2018 The MathWorks, Inc.
                   R2018a (9.4.0.813654) 64-bit (glnxa64)
                             February 23, 2018

 
To get started, type one of these: helpwin, helpdesk, or demo.
For product information, visit www.mathworks.com.
 
time: neqn: step_count 
    0.0875

    22

    50

time: neqn: step_count 
    0.1750

    22

   100

time: neqn: step_count 
    0.2625

    22

   150

time: neqn: step_count 
    0.3500

    22

   200

time: neqn: step_count 
    0.4375

    22

   250

286 time steps
CPU-times
 advection:          20.83s  100%
plotting:            0.00s    0%
CPU-times
 advection:           0.00s    0%
plotting: