
                            < M A T L A B (R) >
                  Copyright 1984-2018 The MathWorks, Inc.
                   R2018a (9.4.0.813654) 64-bit (glnxa64)
                             February 23, 2018

 
To get started, type one of these: helpwin, helpdesk, or demo.
For product information, visit www.mathworks.com.
 
time: neqn: step_count: 
    0.0021

    13

     0

residual: 
   4.0628e-99

time: neqn: step_count: 
    0.2163

    13

   100

residual: 
   23.7460

time: neqn: step_count: 
    0.4305

    13

   200

residual: 
   32.7442

time: neqn: step_count: 
    0.6447

    13

   300

residual: 
   27.9761

time: neqn: step_count: 
    0.8589

    13

   400

residual: 
   21.6814

time: neqn: step_count: 
    1.0731

    13

   500

residual: 
   17.2538

time: neqn: step_count: 
    1.2873

    13

   600

residual: 
   14.3451

time: neqn: step_count: 
    1.5014

    13

   700

residual: 
   10.6093

time: neqn: step_count: 
    1.7156

    13

   800

residual: 
    6.9109

time: neqn: step_count: 
    1.9298

    13

   900

residual: 
    4.7614

time: neqn: step_count: 
    2.1440

    13

        1000

residual: 
    4.0918

time: neqn: step_count: 
    2.3582

    13

        1100

residual: 
    3.5180

time: neqn: step_count: 
    2.5724

    13

        1200

residual: 
    2.5788

time: neqn: step_count: 
    2.7866

    13

        1300

residual: 
    1.6763

time: neqn: step_count: 
    3.0008

    13

        1400

residual: 
    1.2609

time: neqn: step_count: 
    3.2149

    13

        1500

residual: 
    1.1498

time: neqn: step_count: 
    3.4291

    13

        1600

residual: 
    0.9559

time: neqn: step_count: 
    3.6433

    13

        1700

residual: 
    0.6659

time: neqn: step_count: 
    3.8575

    13

        1800

residual: 
    0.4384

time: neqn: step_count: 
    4.0717

    13

        1900

residual: 
    0.3612

time: neqn: step_count: 
    4.2859

    13

        2000

residual: 
    0.3293

time: neqn: step_count: 
    4.5001

    13

        2100

residual: 
    0.2598

time: neqn: step_count: 
    4.7142

    13

        2200

residual: 
    0.1737

time: neqn: step_count: 
    4.9284

    13

        2300

residual: 
    0.1196

time: neqn: step_count: 
    5.1426

    13

        2400

residual: 
    0.1055

time: neqn: step_count: 
    5.3568

    13

        2500

residual: 
    0.0934

time: neqn: step_count: 
    5.5710

    13

        2600

residual: 
    0.0697

time: neqn: step_count: 
    5.7852

    13

        2700

residual: 
    0.0455

time: neqn: step_count: 
    5.9994

    13

        2800

residual: 
    0.0336

time: neqn: step_count: 
    6.2136

    13

        2900

residual: 
    0.0308

time: neqn: step_count: 
    6.4277

    13

        3000

residual: 
    0.0260

time: neqn: step_count: 
    6.6419

    13

        3100

residual: 
    0.0184

time: neqn: step_count: 
    6.8561

    13

        3200

residual: 
    0.0120

time: neqn: step_count: 
    7.0703

    13

        3300

residual: 
    0.0097

time: neqn: step_count: 
    7.2845

    13

        3400

residual: 
    0.0089

time: neqn: step_count: 
    7.4987

    13

        3500

residual: 
    0.0071

time: neqn: step_count: 
    7.7129

    13

        3600

residual: 
    0.0048

time: neqn: step_count: 
    7.9270

    13

        3700

residual: 
    0.0033

time: neqn: step_count: 
    8.1412

    13

        3800

residual: 
    0.0028

time: neqn: step_count: 
    8.3554

    13

        3900

residual: 
    0.0025

time: neqn: step_count: 
    8.5696

    13

        4000

residual: 
    0.0019

time: neqn: step_count: 
    8.7838

    13

        4100

residual: 
    0.0013

time: neqn: step_count: 
    8.9980

    13

        4200

residual: 
   9.1286e-04

time: neqn: step_count: 
    9.2122

    13

        4300

residual: 
   8.2955e-04

time: neqn: step_count: 
    9.4263

    13

        4400

residual: 
   7.1169e-04

time: neqn: step_count: 
    9.6405

    13

        4500

residual: 
   5.1069e-04

time: neqn: step_count: 
    9.8547

    13

        4600

residual: 
   3.3285e-04

time: neqn: step_count: 
   10.0689

    13

        4700

residual: 
   2.6176e-04

time: neqn: step_count: 
   10.2831

    13

        4800

residual: 
   2.4070e-04

time: neqn: step_count: 
   10.4973

    13

        4900

residual: 
   1.9611e-04

time: neqn: step_count: 
   10.7115

    13

        5000

residual: 
   1.3412e-04

time: neqn: step_count: 
   10.9257

    13

        5100

residual: 
   8.9608e-05

time: neqn: step_count: 
   11.1398

    13

        5200

residual: 
   7.6320e-05

time: neqn: step_count: 
   11.3540

    13

        5300

residual: 
   6.8921e-05

time: neqn: step_count: 
   11.5682

    13

        5400

residual: 
   5.3120e-05

time: neqn: step_count: 
   11.7824

    13

        5500

residual: 
   3.5065e-05

time: neqn: step_count: 
   11.9966

    13

        5600

residual: 
   2.4821e-05

time: neqn: step_count: 
   12.2108

    13

        5700

residual: 
   2.2336e-05

time: neqn: step_count: 
   12.4250

    13

        5800

residual: 
   1.9421e-05

time: neqn: step_count: 
   12.6391

    13

        5900

residual: 
   1.4159e-05

time: neqn: step_count: 
   12.8533

    13

        6000

residual: 
   9.2142e-06

time: neqn: step_count: 
   13.0675

    13

        6100

residual: 
   7.0668e-06

time: neqn: step_count: 
   13.2817

    13

        6200

residual: 
   6.4998e-06

time: neqn: step_count: 
   13.4959

    13

        6300

residual: 
   5.3788e-06

time: neqn: step_count: 
   13.7101

    13

        6400

residual: 
   3.7259e-06

time: neqn: step_count: 
   13.9243

    13

        6500

residual: 
   2.4632e-06

time: neqn: step_count: 
   14.1385

    13

        6600

residual: 
   2.0538e-06

time: neqn: step_count: 
   14.3526

    13

        6700

residual: 
   1.8690e-06

time: neqn: step_count: 
   14.5668

    13

        6800

residual: 
   1.4641e-06

time: neqn: step_count: 
   14.7810

    13

        6900

residual: 
   9.7469e-07

time: neqn: step_count: 
   14.9952

    13

        7000

residual: 
   6.7645e-07

time: neqn: step_count: 
   15.2094

    13

        7100

residual: 
   6.0111e-07

time: neqn: step_count: 
   15.4236

    13

        7200

residual: 
   5.2920e-07

time: neqn: step_count: 
   15.6378

    13

        7300

residual: 
   3.9202e-07

time: neqn: step_count: 
   15.8519

    13

        7400

residual: 
   2.5544e-07

time: neqn: step_count: 
   16.0661

    13

        7500

residual: 
   1.9114e-07

time: neqn: step_count: 
   16.2803

    13

        7600

residual: 
   1.7534e-07

time: neqn: step_count: 
   16.4945

    13

        7700

residual: 
   1.4731e-07

time: neqn: step_count: 
   16.7087

    13

        7800

residual: 
   1.0344e-07

time: neqn: step_count: 
   16.9229

    13

        7900

residual: 
   6.7864e-08

time: neqn: step_count: 
   17.1371

    13

        8000

residual: 
   5.5301e-08

time: neqn: step_count: 
   17.3512

    13

        8100

residual: 
   5.0617e-08

time: neqn: step_count: 
   17.5654

    13

        8200

residual: 
   4.0296e-08

time: neqn: step_count: 
   17.7796

    13

        8300

residual: 
   2.7097e-08

time: neqn: step_count: 
   17.9938

    13

        8400

residual: 
   1.8481e-08

time: neqn: step_count: 
   18.2080

    13

        8500

residual: 
   1.6172e-08

time: neqn: step_count: 
   18.4222

    13

        8600

residual: 
   1.4399e-08

time: neqn: step_count: 
   18.6364

    13

        8700

residual: 
   1.0839e-08

8722 time steps
CPU-times
 advection:        1312.42s  100%
plotting:            0.00s    0%
CPU-times
 advection:           0.00s    0%
plotting:final residual while writting: 1.617170654641025e-08
