
                            < M A T L A B (R) >
                  Copyright 1984-2018 The MathWorks, Inc.
                   R2018a (9.4.0.813654) 64-bit (glnxa64)
                             February 23, 2018

 
To get started, type one of these: helpwin, helpdesk, or demo.
For product information, visit www.mathworks.com.
 
time: neqn: step_count 
    0.0514

   125

    50

time: neqn: step_count 
    0.1029

   125

   100

time: neqn: step_count 
    0.1543

   125

   150

time: neqn: step_count 
    0.2058

   125

   200

time: neqn: step_count 
    0.2572

   125

   250

time: neqn: step_count 
    0.3087

   125

   300

time: neqn: step_count 
    0.3601

   125

   350

time: neqn: step_count 
    0.4116

   125

   400

time: neqn: step_count 
    0.4630

   125

   450

486 time steps
CPU-times
 advection:         183.01s  100%
plotting:            0.00s    0%
CPU-times
 advection:           0.00s    0%
plotting: