
                            < M A T L A B (R) >
                  Copyright 1984-2018 The MathWorks, Inc.
                   R2018a (9.4.0.813654) 64-bit (glnxa64)
                             February 23, 2018

 
To get started, type one of these: helpwin, helpdesk, or demo.
For product information, visit www.mathworks.com.
 
time: neqn: step_count: 
    0.0013

    50

     0

residual: 
  6.5373e-161

time: neqn: step_count: 
    0.1347

    50

   100

residual: 
    6.9610

time: neqn: step_count: 
    0.2680

    50

   200

residual: 
   18.7223

time: neqn: step_count: 
    0.4013

    50

   300

residual: 
   20.3926

time: neqn: step_count: 
    0.5346

    50

   400

residual: 
   18.6479

time: neqn: step_count: 
    0.6679

    50

   500

residual: 
   16.2360

time: neqn: step_count: 
    0.8012

    50

   600

residual: 
   13.8661

time: neqn: step_count: 
    0.9346

    50

   700

residual: 
   11.6511

time: neqn: step_count: 
    1.0679

    50

   800

residual: 
    9.6757

time: neqn: step_count: 
    1.2012

    50

   900

residual: 
    7.8189

time: neqn: step_count: 
    1.3345

    50

        1000

residual: 
    6.0309

time: neqn: step_count: 
    1.4678

    50

        1100

residual: 
    4.4696

time: neqn: step_count: 
    1.6011

    50

        1200

residual: 
    3.3068

time: neqn: step_count: 
    1.7345

    50

        1300

residual: 
    2.6277

time: neqn: step_count: 
    1.8678

    50

        1400

residual: 
    2.3021

time: neqn: step_count: 
    2.0011

    50

        1500

residual: 
    2.0639

time: neqn: step_count: 
    2.1344

    50

        1600

residual: 
    1.7602

time: neqn: step_count: 
    2.2677

    50

        1700

residual: 
    1.3966

time: neqn: step_count: 
    2.4011

    50

        1800

residual: 
    1.0567

time: neqn: step_count: 
    2.5344

    50

        1900

residual: 
    0.8245

time: neqn: step_count: 
    2.6677

    50

        2000

residual: 
    0.7147

time: neqn: step_count: 
    2.8010

    50

        2100

residual: 
    0.6585

time: neqn: step_count: 
    2.9343

    50

        2200

residual: 
    0.5895

time: neqn: step_count: 
    3.0676

    50

        2300

residual: 
    0.4911

time: neqn: step_count: 
    3.2010

    50

        2400

residual: 
    0.3807

time: neqn: step_count: 
    3.3343

    50

        2500

residual: 
    0.2856

time: neqn: step_count: 
    3.4676

    50

        2600

residual: 
    0.2263

time: neqn: step_count: 
    3.6009

    50

        2700

residual: 
    0.1993

time: neqn: step_count: 
    3.7342

    50

        2800

residual: 
    0.1824

time: neqn: step_count: 
    3.8675

    50

        2900

residual: 
    0.1599

time: neqn: step_count: 
    4.0009

    50

        3000

residual: 
    0.1302

time: neqn: step_count: 
    4.1342

    50

        3100

residual: 
    0.0995

time: neqn: step_count: 
    4.2675

    50

        3200

residual: 
    0.0755

time: neqn: step_count: 
    4.4008

    50

        3300

residual: 
    0.0622

time: neqn: step_count: 
    4.5341

    50

        3400

residual: 
    0.0564

time: neqn: step_count: 
    4.6675

    50

        3500

residual: 
    0.0514

time: neqn: step_count: 
    4.8008

    50

        3600

residual: 
    0.0441

time: neqn: step_count: 
    4.9341

    50

        3700

residual: 
    0.0351

time: neqn: step_count: 
    5.0674

    50

        3800

residual: 
    0.0265

time: neqn: step_count: 
    5.2007

    50

        3900

residual: 
    0.0204

time: neqn: step_count: 
    5.3340

    50

        4000

residual: 
    0.0173

time: neqn: step_count: 
    5.4674

    50

        4100

residual: 
    0.0159

time: neqn: step_count: 
    5.6007

    50

        4200

residual: 
    0.0142

time: neqn: step_count: 
    5.7340

    50

        4300

residual: 
    0.0119

time: neqn: step_count: 
    5.8673

    50

        4400

residual: 
    0.0093

time: neqn: step_count: 
    6.0006

    50

        4500

residual: 
    0.0070

time: neqn: step_count: 
    6.1339

    50

        4600

residual: 
    0.0055

time: neqn: step_count: 
    6.2673

    50

        4700

residual: 
    0.0049

time: neqn: step_count: 
    6.4006

    50

        4800

residual: 
    0.0045

time: neqn: step_count: 
    6.5339

    50

        4900

residual: 
    0.0039

time: neqn: step_count: 
    6.6672

    50

        5000

residual: 
    0.0032

time: neqn: step_count: 
    6.8005

    50

        5100

residual: 
    0.0025

time: neqn: step_count: 
    6.9339

    50

        5200

residual: 
    0.0019

time: neqn: step_count: 
    7.0672

    50

        5300

residual: 
    0.0015

time: neqn: step_count: 
    7.2005

    50

        5400

residual: 
    0.0014

time: neqn: step_count: 
    7.3338

    50

        5500

residual: 
    0.0013

time: neqn: step_count: 
    7.4671

    50

        5600

residual: 
    0.0011

time: neqn: step_count: 
    7.6004

    50

        5700

residual: 
   8.6378e-04

time: neqn: step_count: 
    7.7338

    50

        5800

residual: 
   6.5389e-04

time: neqn: step_count: 
    7.8671

    50

        5900

residual: 
   5.0136e-04

time: neqn: step_count: 
    8.0004

    50

        6000

residual: 
   4.2379e-04

time: neqn: step_count: 
    8.1337

    50

        6100

residual: 
   3.8723e-04

time: neqn: step_count: 
    8.2670

    50

        6200

residual: 
   3.4907e-04

time: neqn: step_count: 
    8.4003

    50

        6300

residual: 
   2.9421e-04

time: neqn: step_count: 
    8.5337

    50

        6400

residual: 
   2.3037e-04

time: neqn: step_count: 
    8.6670

    50

        6500

residual: 
   1.7327e-04

time: neqn: step_count: 
    8.8003

    50

        6600

residual: 
   1.3607e-04

time: neqn: step_count: 
    8.9336

    50

        6700

residual: 
   1.1881e-04

time: neqn: step_count: 
    9.0669

    50

        6800

residual: 
   1.0908e-04

time: neqn: step_count: 
    9.2003

    50

        6900

residual: 
   9.6590e-05

time: neqn: step_count: 
    9.3336

    50

        7000

residual: 
   7.9492e-05

time: neqn: step_count: 
    9.4669

    50

        7100

residual: 
   6.1124e-05

time: neqn: step_count: 
    9.6002

    50

        7200

residual: 
   4.6094e-05

time: neqn: step_count: 
    9.7335

    50

        7300

residual: 
   3.7338e-05

time: neqn: step_count: 
    9.8668

    50

        7400

residual: 
   3.3471e-05

time: neqn: step_count: 
   10.0002

    50

        7500

residual: 
   3.0607e-05

time: neqn: step_count: 
   10.1335

    50

        7600

residual: 
   2.6539e-05

time: neqn: step_count: 
   10.2668

    50

        7700

residual: 
   2.1328e-05

time: neqn: step_count: 
   10.4001

    50

        7800

residual: 
   1.6182e-05

time: neqn: step_count: 
   10.5334

    50

        7900

residual: 
   1.2354e-05

time: neqn: step_count: 
   10.6667

    50

        8000

residual: 
   1.0358e-05

time: neqn: step_count: 
   10.8001

    50

        8100

residual: 
   9.4429e-06

time: neqn: step_count: 
   10.9334

    50

        8200

residual: 
   8.5397e-06

time: neqn: step_count: 
   11.0667

    50

        8300

residual: 
   7.2368e-06

time: neqn: step_count: 
   11.2000

    50

        8400

residual: 
   5.6930e-06

time: neqn: step_count: 
   11.3333

    50

        8500

residual: 
   4.2850e-06

time: neqn: step_count: 
   11.4667

    50

        8600

residual: 
   3.3440e-06

time: neqn: step_count: 
   11.6000

    50

        8700

residual: 
   2.8995e-06

time: neqn: step_count: 
   11.7333

    50

        8800

residual: 
   2.6613e-06

time: neqn: step_count: 
   11.8666

    50

        8900

residual: 
   2.3671e-06

time: neqn: step_count: 
   11.9999

    50

        9000

residual: 
   1.9588e-06

time: neqn: step_count: 
   12.1332

    50

        9100

residual: 
   1.5120e-06

time: neqn: step_count: 
   12.2666

    50

        9200

residual: 
   1.1386e-06

time: neqn: step_count: 
   12.3999

    50

        9300

residual: 
   9.1533e-07

time: neqn: step_count: 
   12.5332

    50

        9400

residual: 
   8.1616e-07

time: neqn: step_count: 
   12.6665

    50

        9500

residual: 
   7.4752e-07

time: neqn: step_count: 
   12.7998

    50

        9600

residual: 
   6.5145e-07

time: neqn: step_count: 
   12.9332

    50

        9700

residual: 
   5.2640e-07

time: neqn: step_count: 
   13.0665

    50

        9800

residual: 
   4.0039e-07

time: neqn: step_count: 
   13.1998

    50

        9900

residual: 
   3.0455e-07

time: neqn: step_count: 
   13.3331

    50

       10000

residual: 
   2.5330e-07

time: neqn: step_count: 
   13.4664

    50

       10100

residual: 
   2.3025e-07

time: neqn: step_count: 
   13.5997

    50

       10200

residual: 
   2.0886e-07

time: neqn: step_count: 
   13.7331

    50

       10300

residual: 
   1.7795e-07

time: neqn: step_count: 
   13.8664

    50

       10400

residual: 
   1.4065e-07

time: neqn: step_count: 
   13.9997

    50

       10500

residual: 
   1.0599e-07

time: neqn: step_count: 
   14.1330

    50

       10600

residual: 
   8.2234e-08

time: neqn: step_count: 
   14.2663

    50

       10700

residual: 
   7.0779e-08

time: neqn: step_count: 
   14.3996

    50

       10800

residual: 
   6.4915e-08

time: neqn: step_count: 
   14.5330

    50

       10900

residual: 
   5.7986e-08

time: neqn: step_count: 
   14.6663

    50

       11000

residual: 
   4.8249e-08

time: neqn: step_count: 
   14.7996

    50

       11100

residual: 
   3.7394e-08

time: neqn: step_count: 
   14.9329

    50

       11200

residual: 
   2.8133e-08

time: neqn: step_count: 
   15.0662

    50

       11300

residual: 
   2.2452e-08

time: neqn: step_count: 
   15.1996

    50

       11400

residual: 
   1.9904e-08

time: neqn: step_count: 
   15.3329

    50

       11500

residual: 
   1.8252e-08

time: neqn: step_count: 
   15.4662

    50

       11600

residual: 
   1.5985e-08

time: neqn: step_count: 
   15.5995

    50

       11700

residual: 
   1.2987e-08

11798 time steps
CPU-times
 advection:        4442.69s  100%
plotting:            0.00s    0%
CPU-times
 advection:           0.00s    0%
plotting:final residual while writting: 1.825200510651425e-08
