
                            < M A T L A B (R) >
                  Copyright 1984-2018 The MathWorks, Inc.
                   R2018a (9.4.0.813654) 64-bit (glnxa64)
                             February 23, 2018

 
To get started, type one of these: helpwin, helpdesk, or demo.
For product information, visit www.mathworks.com.
 
time: neqn: step_count: 
    0.0015

    34

     0

residual: 
  2.1408e-142

time: neqn: step_count: 
    0.1519

    34

   100

residual: 
    8.1952

time: neqn: step_count: 
    0.3023

    34

   200

residual: 
   17.8421

time: neqn: step_count: 
    0.4527

    34

   300

residual: 
   18.2491

time: neqn: step_count: 
    0.6031

    34

   400

residual: 
   16.3279

time: neqn: step_count: 
    0.7536

    34

   500

residual: 
   13.9586

time: neqn: step_count: 
    0.9040

    34

   600

residual: 
   11.6251

time: neqn: step_count: 
    1.0544

    34

   700

residual: 
    9.5702

time: neqn: step_count: 
    1.2048

    34

   800

residual: 
    7.6989

time: neqn: step_count: 
    1.3552

    34

   900

residual: 
    5.8633

time: neqn: step_count: 
    1.5056

    34

        1000

residual: 
    4.3368

time: neqn: step_count: 
    1.6560

    34

        1100

residual: 
    3.2504

time: neqn: step_count: 
    1.8064

    34

        1200

residual: 
    2.6660

time: neqn: step_count: 
    1.9568

    34

        1300

residual: 
    2.3524

time: neqn: step_count: 
    2.1072

    34

        1400

residual: 
    2.0382

time: neqn: step_count: 
    2.2576

    34

        1500

residual: 
    1.6390

time: neqn: step_count: 
    2.4081

    34

        1600

residual: 
    1.2256

time: neqn: step_count: 
    2.5585

    34

        1700

residual: 
    0.9063

time: neqn: step_count: 
    2.7089

    34

        1800

residual: 
    0.7368

time: neqn: step_count: 
    2.8593

    34

        1900

residual: 
    0.6620

time: neqn: step_count: 
    3.0097

    34

        2000

residual: 
    0.5889

time: neqn: step_count: 
    3.1601

    34

        2100

residual: 
    0.4849

time: neqn: step_count: 
    3.3105

    34

        2200

residual: 
    0.3675

time: neqn: step_count: 
    3.4609

    34

        2300

residual: 
    0.2704

time: neqn: step_count: 
    3.6113

    34

        2400

residual: 
    0.2147

time: neqn: step_count: 
    3.7617

    34

        2500

residual: 
    0.1911

time: neqn: step_count: 
    3.9122

    34

        2600

residual: 
    0.1719

time: neqn: step_count: 
    4.0626

    34

        2700

residual: 
    0.1442

time: neqn: step_count: 
    4.2130

    34

        2800

residual: 
    0.1110

time: neqn: step_count: 
    4.3634

    34

        2900

residual: 
    0.0816

time: neqn: step_count: 
    4.5138

    34

        3000

residual: 
    0.0632

time: neqn: step_count: 
    4.6642

    34

        3100

residual: 
    0.0552

time: neqn: step_count: 
    4.8146

    34

        3200

residual: 
    0.0500

time: neqn: step_count: 
    4.9650

    34

        3300

residual: 
    0.0427

time: neqn: step_count: 
    5.1154

    34

        3400

residual: 
    0.0335

time: neqn: step_count: 
    5.2658

    34

        3500

residual: 
    0.0247

time: neqn: step_count: 
    5.4162

    34

        3600

residual: 
    0.0187

time: neqn: step_count: 
    5.5667

    34

        3700

residual: 
    0.0160

time: neqn: step_count: 
    5.7171

    34

        3800

residual: 
    0.0145

time: neqn: step_count: 
    5.8675

    34

        3900

residual: 
    0.0126

time: neqn: step_count: 
    6.0179

    34

        4000

residual: 
    0.0101

time: neqn: step_count: 
    6.1683

    34

        4100

residual: 
    0.0075

time: neqn: step_count: 
    6.3187

    34

        4200

residual: 
    0.0056

time: neqn: step_count: 
    6.4691

    34

        4300

residual: 
    0.0046

time: neqn: step_count: 
    6.6195

    34

        4400

residual: 
    0.0042

time: neqn: step_count: 
    6.7699

    34

        4500

residual: 
    0.0037

time: neqn: step_count: 
    6.9203

    34

        4600

residual: 
    0.0030

time: neqn: step_count: 
    7.0708

    34

        4700

residual: 
    0.0023

time: neqn: step_count: 
    7.2212

    34

        4800

residual: 
    0.0017

time: neqn: step_count: 
    7.3716

    34

        4900

residual: 
    0.0014

time: neqn: step_count: 
    7.5220

    34

        5000

residual: 
    0.0012

time: neqn: step_count: 
    7.6724

    34

        5100

residual: 
    0.0011

time: neqn: step_count: 
    7.8228

    34

        5200

residual: 
   8.9943e-04

time: neqn: step_count: 
    7.9732

    34

        5300

residual: 
   6.8545e-04

time: neqn: step_count: 
    8.1236

    34

        5400

residual: 
   5.0378e-04

time: neqn: step_count: 
    8.2740

    34

        5500

residual: 
   3.9649e-04

time: neqn: step_count: 
    8.4244

    34

        5600

residual: 
   3.5068e-04

time: neqn: step_count: 
    8.5748

    34

        5700

residual: 
   3.1638e-04

time: neqn: step_count: 
    8.7253

    34

        5800

residual: 
   2.6724e-04

time: neqn: step_count: 
    8.8757

    34

        5900

residual: 
   2.0704e-04

time: neqn: step_count: 
    9.0261

    34

        6000

residual: 
   1.5221e-04

time: neqn: step_count: 
    9.1765

    34

        6100

residual: 
   1.1704e-04

time: neqn: step_count: 
    9.3269

    34

        6200

residual: 
   1.0141e-04

time: neqn: step_count: 
    9.4773

    34

        6300

residual: 
   9.1962e-05

time: neqn: step_count: 
    9.6277

    34

        6400

residual: 
   7.9076e-05

time: neqn: step_count: 
    9.7781

    34

        6500

residual: 
   6.2378e-05

time: neqn: step_count: 
    9.9285

    34

        6600

residual: 
   4.6082e-05

time: neqn: step_count: 
   10.0789

    34

        6700

residual: 
   3.4747e-05

time: neqn: step_count: 
   10.2294

    34

        6800

residual: 
   2.9380e-05

time: neqn: step_count: 
   10.3798

    34

        6900

residual: 
   2.6658e-05

time: neqn: step_count: 
   10.5302

    34

        7000

residual: 
   2.3301e-05

time: neqn: step_count: 
   10.6806

    34

        7100

residual: 
   1.8727e-05

time: neqn: step_count: 
   10.8310

    34

        7200

residual: 
   1.3962e-05

time: neqn: step_count: 
   10.9814

    34

        7300

residual: 
   1.0377e-05

time: neqn: step_count: 
   11.1318

    34

        7400

residual: 
   8.5391e-06

time: neqn: step_count: 
   11.2822

    34

        7500

residual: 
   7.7114e-06

time: neqn: step_count: 
   11.4326

    34

        7600

residual: 
   6.8381e-06

time: neqn: step_count: 
   11.5830

    34

        7700

residual: 
   5.6008e-06

time: neqn: step_count: 
   11.7334

    34

        7800

residual: 
   4.2283e-06

time: neqn: step_count: 
   11.8839

    34

        7900

residual: 
   3.1156e-06

time: neqn: step_count: 
   12.0343

    34

        8000

residual: 
   2.4928e-06

time: neqn: step_count: 
   12.1847

    34

        8100

residual: 
   2.2275e-06

time: neqn: step_count: 
   12.3351

    34

        8200

residual: 
   1.9989e-06

time: neqn: step_count: 
   12.4855

    34

        8300

residual: 
   1.6685e-06

time: neqn: step_count: 
   12.6359

    34

        8400

residual: 
   1.2788e-06

time: neqn: step_count: 
   12.7863

    34

        8500

residual: 
   9.3940e-07

time: neqn: step_count: 
   12.9367

    34

        8600

residual: 
   7.3301e-07

time: neqn: step_count: 
   13.0871

    34

        8700

residual: 
   6.4388e-07

time: neqn: step_count: 
   13.2375

    34

        8800

residual: 
   5.8225e-07

time: neqn: step_count: 
   13.3880

    34

        8900

residual: 
   4.9503e-07

time: neqn: step_count: 
   13.5384

    34

        9000

residual: 
   3.8594e-07

time: neqn: step_count: 
   13.6888

    34

        9100

residual: 
   2.8408e-07

time: neqn: step_count: 
   13.8392

    34

        9200

residual: 
   2.1680e-07

time: neqn: step_count: 
   13.9896

    34

        9300

residual: 
   1.8629e-07

time: neqn: step_count: 
   14.1400

    34

        9400

residual: 
   1.6906e-07

time: neqn: step_count: 
   14.2904

    34

        9500

residual: 
   1.4626e-07

time: neqn: step_count: 
   14.4408

    34

        9600

residual: 
   1.1614e-07

time: neqn: step_count: 
   14.5912

    34

        9700

residual: 
   8.6041e-08

time: neqn: step_count: 
   14.7416

    34

        9800

residual: 
   6.4502e-08

time: neqn: step_count: 
   14.8920

    34

        9900

residual: 
   5.4025e-08

time: neqn: step_count: 
   15.0425

    34

       10000

residual: 
   4.8967e-08

time: neqn: step_count: 
   15.1929

    34

       10100

residual: 
   4.3034e-08

time: neqn: step_count: 
   15.3433

    34

       10200

residual: 
   3.4820e-08

time: neqn: step_count: 
   15.4937

    34

       10300

residual: 
   2.6068e-08

time: neqn: step_count: 
   15.6441

    34

       10400

residual: 
   1.9302e-08

time: neqn: step_count: 
   15.7945

    34

       10500

residual: 
   1.5724e-08

time: neqn: step_count: 
   15.9449

    34

       10600

residual: 
   1.4157e-08

time: neqn: step_count: 
   16.0953

    34

       10700

residual: 
   1.2611e-08

time: neqn: step_count: 
   16.2457

    34

       10800

residual: 
   1.0400e-08

10818 time steps
CPU-times
 advection:        3184.52s  100%
plotting:            0.00s    0%
CPU-times
 advection:           0.00s    0%
plotting:final residual while writting: 1.572417634382928e-08
