
                            < M A T L A B (R) >
                  Copyright 1984-2018 The MathWorks, Inc.
                   R2018b (9.5.0.944444) 64-bit (glnxa64)
                              August 28, 2018

 
To get started, type doc.
For product information, visit www.mathworks.com.
 
time: neqn: step_count: 
    0.0010

   125

     0

residual: 
     0

time: neqn: step_count: 
    0.1039

   125

   100

residual: 
     0

time: neqn: step_count: 
    0.2068

   125

   200

residual: 
     0

time: neqn: step_count: 
    0.3097

   125

   300

residual: 
     0

time: neqn: step_count: 
    0.4126

   125

   400

residual: 
     0

time: neqn: step_count: 
    0.5155

   125

   500

residual: 
     0

time: neqn: step_count: 
    0.6184

   125

   600

residual: 
     0

time: neqn: step_count: 
    0.7213

   125

   700

residual: 
     0

time: neqn: step_count: 
    0.8242

   125

   800

residual: 
     0

time: neqn: step_count: 
    0.9271

   125

   900

residual: 
     0

972 time steps
CPU-times
 advection:         429.32s  100%
plotting:            0.00s    0%
CPU-times
 advection:           0.00s    0%
plotting:final residual while writting: 0.000000000000000e+00
