
                            < M A T L A B (R) >
                  Copyright 1984-2018 The MathWorks, Inc.
                   R2018b (9.5.0.944444) 64-bit (glnxa64)
                              August 28, 2018

 
To get started, type doc.
For product information, visit www.mathworks.com.
 
time: neqn: step_count: 
    0.0012

    70

     0

residual: 
     0

time: neqn: step_count: 
    0.1218

    70

   100

residual: 
     0

time: neqn: step_count: 
    0.2425

    70

   200

residual: 
     0

time: neqn: step_count: 
    0.3631

    70

   300

residual: 
     0

time: neqn: step_count: 
    0.4838

    70

   400

residual: 
     0

time: neqn: step_count: 
    0.6044

    70

   500

residual: 
     0

time: neqn: step_count: 
    0.7250

    70

   600

residual: 
     0

time: neqn: step_count: 
    0.8457

    70

   700

residual: 
     0

time: neqn: step_count: 
    0.9663

    70

   800

residual: 
     0

829 time steps
CPU-times
 advection:         203.29s  100%
plotting:            0.00s    0%
CPU-times
 advection:           0.00s    0%
plotting:final residual while writting: 0.000000000000000e+00
