
                            < M A T L A B (R) >
                  Copyright 1984-2018 The MathWorks, Inc.
                   R2018b (9.5.0.944444) 64-bit (glnxa64)
                              August 28, 2018

 
To get started, type doc.
For product information, visit www.mathworks.com.
 
time: neqn: step_count: 
   9.6376e-04

   161

     0

residual: 
     0

time: neqn: step_count: 
    0.0973

   161

   100

residual: 
     0

time: neqn: step_count: 
    0.1937

   161

   200

residual: 
     0

time: neqn: step_count: 
    0.2901

   161

   300

residual: 
     0

time: neqn: step_count: 
    0.3865

   161

   400

residual: 
     0

time: neqn: step_count: 
    0.4828

   161

   500

residual: 
     0

time: neqn: step_count: 
    0.5792

   161

   600

residual: 
     0

time: neqn: step_count: 
    0.6756

   161

   700

residual: 
     0

time: neqn: step_count: 
    0.7720

   161

   800

residual: 
     0

time: neqn: step_count: 
    0.8683

   161

   900

residual: 
     0

time: neqn: step_count: 
    0.9647

   161

        1000

residual: 
     0

1038 time steps
CPU-times
 advection:         560.49s  100%
plotting:            0.00s    0%
CPU-times
 advection:           0.00s    0%
plotting:final residual while writting: 0.000000000000000e+00
