
                            < M A T L A B (R) >
                  Copyright 1984-2018 The MathWorks, Inc.
                   R2018b (9.5.0.944444) 64-bit (glnxa64)
                              August 28, 2018

 
To get started, type doc.
For product information, visit www.mathworks.com.
 
time: neqn: step_count: 
   8.6204e-04

   252

     0

residual: 
     0

time: neqn: step_count: 
    0.0871

   252

   100

residual: 
     0

time: neqn: step_count: 
    0.1733

   252

   200

residual: 
     0

time: neqn: step_count: 
    0.2595

   252

   300

residual: 
     0

time: neqn: step_count: 
    0.3457

   252

   400

residual: 
     0

time: neqn: step_count: 
    0.4319

   252

   500

residual: 
     0

time: neqn: step_count: 
    0.5181

   252

   600

residual: 
     0

time: neqn: step_count: 
    0.6043

   252

   700

residual: 
     0

time: neqn: step_count: 
    0.6905

   252

   800

residual: 
     0

time: neqn: step_count: 
    0.7767

   252

   900

residual: 
     0

time: neqn: step_count: 
    0.8629

   252

        1000

residual: 
     0

time: neqn: step_count: 
    0.9491

   252

        1100

residual: 
     0

1161 time steps
CPU-times
 advection:        1031.97s  100%
plotting:            0.00s    0%
CPU-times
 advection:           0.00s    0%
plotting:final residual while writting: 0.000000000000000e+00
