
                            < M A T L A B (R) >
                  Copyright 1984-2018 The MathWorks, Inc.
                   R2018b (9.5.0.944444) 64-bit (glnxa64)
                              August 28, 2018

 
To get started, type doc.
For product information, visit www.mathworks.com.
 
time: neqn: step_count: 
   8.2137e-04

   308

     0

residual: 
     0

time: neqn: step_count: 
    0.0830

   308

   100

residual: 
     0

time: neqn: step_count: 
    0.1651

   308

   200

residual: 
     0

time: neqn: step_count: 
    0.2472

   308

   300

residual: 
     0

time: neqn: step_count: 
    0.3294

   308

   400

residual: 
     0

time: neqn: step_count: 
    0.4115

   308

   500

residual: 
     0

time: neqn: step_count: 
    0.4936

   308

   600

residual: 
     0

time: neqn: step_count: 
    0.5758

   308

   700

residual: 
     0

time: neqn: step_count: 
    0.6579

   308

   800

residual: 
     0

time: neqn: step_count: 
    0.7401

   308

   900

residual: 
     0

time: neqn: step_count: 
    0.8222

   308

        1000

residual: 
     0

time: neqn: step_count: 
    0.9043

   308

        1100

residual: 
     0

time: neqn: step_count: 
    0.9865

   308

        1200

residual: 
     0

1218 time steps
CPU-times
 advection:        1308.23s  100%
plotting:            0.00s    0%
CPU-times
 advection:           0.00s    0%
plotting:final residual while writting: 0.000000000000000e+00
