
                            < M A T L A B (R) >
                  Copyright 1984-2018 The MathWorks, Inc.
                   R2018a (9.4.0.813654) 64-bit (glnxa64)
                             February 23, 2018

 
To get started, type one of these: helpwin, helpdesk, or demo.
For product information, visit www.mathworks.com.
 
delta t
    0.0016

time: neqn: step_count:
    0.0016

        6400

     0

change in density
   2.7756e-17

residual
     0

time: neqn: step_count:
    0.0176

        6400

    10

change in density
  -4.1633e-17

residual
     0

time: neqn: step_count:
    0.0336

        6400

    20

change in density
  -2.7756e-17

residual
     0

time: neqn: step_count:
    0.0496

        6400

    30

change in density
  -6.9389e-17

residual
     0

time: neqn: step_count:
    0.0657

        6400

    40

change in density
  -1.6653e-16

residual
     0

time: neqn: step_count:
    0.0817

        6400

    50

change in density
  -1.6653e-16

residual
     0

time: neqn: step_count:
    0.0977

        6400

    60

change in density
  -2.3592e-16

residual
     0

time: neqn: step_count:
    0.1137

        6400

    70

change in density
  -2.6368e-16

residual
     0

time: neqn: step_count:
    0.1297

        6400

    80

change in density
  -2.7756e-16

residual
     0

time: neqn: step_count:
    0.1457

        6400

    90

change in density
  -3.3307e-16

residual
     0

time: neqn: step_count:
    0.1617

        6400

   100

change in density
  -3.8858e-16

residual
     0

time: neqn: step_count:
    0.1778

        6400

   110

change in density
  -4.1633e-16

residual
     0

time: neqn: step_count:
    0.1938

        6400

   120

change in density
  -4.7184e-16

residual
     0

time: neqn: step_count:
    0.2098

        6400

   130

change in density
  -4.7184e-16

residual
     0

time: neqn: step_count:
    0.2258

        6400

   140

change in density
  -5.4123e-16

residual
     0

time: neqn: step_count:
    0.2418

        6400

   150

change in density
  -5.9674e-16

residual
     0

time: neqn: step_count:
    0.2578

        6400

   160

change in density
  -6.2450e-16

residual
     0

time: neqn: step_count:
    0.2738

        6400

   170

change in density
  -6.6613e-16

residual
     0

time: neqn: step_count:
    0.2899

        6400

   180

change in density
  -7.2164e-16

residual
     0

188 time steps
CPU-times
 advection:       13832.69s  100%
plotting:            0.01s    0%
CPU-times
 advection:           0.00s    0%
plotting:residual while writting 0.000000000000000e+00:
