
                            < M A T L A B (R) >
                  Copyright 1984-2018 The MathWorks, Inc.
                   R2018a (9.4.0.813654) 64-bit (glnxa64)
                             February 23, 2018

 
To get started, type one of these: helpwin, helpdesk, or demo.
For product information, visit www.mathworks.com.
 
delta t
    0.0016

time: neqn: step_count:
    0.0016

        1600

     0

change in density
   4.1633e-17

residual
     0

time: neqn: step_count:
    0.0177

        1600

    10

change in density
   1.3878e-17

residual
     0

time: neqn: step_count:
    0.0337

        1600

    20

change in density
  -2.7756e-17

residual
     0

time: neqn: step_count:
    0.0498

        1600

    30

change in density
  -4.1633e-17

residual
     0

time: neqn: step_count:
    0.0658

        1600

    40

change in density
  -2.7756e-17

residual
     0

time: neqn: step_count:
    0.0819

        1600

    50

change in density
  -5.5511e-17

residual
     0

time: neqn: step_count:
    0.0979

        1600

    60

change in density
  -5.5511e-17

residual
     0

time: neqn: step_count:
    0.1140

        1600

    70

change in density
  -8.3267e-17

residual
     0

time: neqn: step_count:
    0.1300

        1600

    80

change in density
  -1.1102e-16

residual
     0

time: neqn: step_count:
    0.1461

        1600

    90

change in density
  -8.3267e-17

residual
     0

time: neqn: step_count:
    0.1622

        1600

   100

change in density
  -1.1102e-16

residual
     0

time: neqn: step_count:
    0.1782

        1600

   110

change in density
  -1.5266e-16

residual
     0

time: neqn: step_count:
    0.1943

        1600

   120

change in density
  -1.6653e-16

residual
     0

time: neqn: step_count:
    0.2103

        1600

   130

change in density
  -1.3878e-16

residual
     0

time: neqn: step_count:
    0.2264

        1600

   140

change in density
  -1.8041e-16

residual
     0

time: neqn: step_count:
    0.2424

        1600

   150

change in density
  -1.9429e-16

residual
     0

time: neqn: step_count:
    0.2585

        1600

   160

change in density
  -2.0817e-16

residual
     0

time: neqn: step_count:
    0.2745

        1600

   170

change in density
  -2.2204e-16

residual
     0

time: neqn: step_count:
    0.2906

        1600

   180

change in density
  -2.3592e-16

residual
     0

187 time steps
CPU-times
 advection:        1779.72s  100%
plotting:            0.00s    0%
CPU-times
 advection:           0.00s    0%
plotting:residual while writting 0.000000000000000e+00:
