
                            < M A T L A B (R) >
                  Copyright 1984-2018 The MathWorks, Inc.
                   R2018a (9.4.0.813654) 64-bit (glnxa64)
                             February 23, 2018

 
To get started, type one of these: helpwin, helpdesk, or demo.
For product information, visit www.mathworks.com.
 
delta t
    0.0010

time: neqn: step_count: residual: 
    0.0507

   400

    50

     0

%density change:
   Inf

time: neqn: step_count: residual: 
    0.1013

   400

   100

     0

%density change:
   Inf

time: neqn: step_count: residual: 
    0.1520

   400

   150

     0

%density change:
   Inf

time: neqn: step_count: residual: 
    0.2026

   400

   200

     0

%density change:
   Inf

time: neqn: step_count: residual: 
    0.2533

   400

   250

     0

%density change:
   Inf

time: neqn: step_count: residual: 
    0.3040

   400

   300

     0

%density change:
   Inf

time: neqn: step_count: residual: 
    0.3546

   400

   350

     0

%density change:
   Inf

time: neqn: step_count: residual: 
    0.4053

   400

   400

     0

%density change:
   Inf

time: neqn: step_count: residual: 
    0.4559

   400

   450

     0

%density change:
   Inf

494 time steps
CPU-times
 advection:        2351.52s  100%
plotting:            0.02s    0%
CPU-times
 advection:           0.00s    0%
plotting:
